Aug 21, 2016 6:33:58 PM org.apache.catalina.startup.Catalina initDirs
SEVERE: Cannot find specified temporary folder at c:\git\HeadFirstServletsAndJsp\apache-tomcat-7.0.67\temp
Aug 21, 2016 6:34:01 PM org.apache.catalina.startup.VersionLoggerListener log
INFO: Server version:        Apache Tomcat/7.0.67
Aug 21, 2016 6:34:01 PM org.apache.catalina.startup.VersionLoggerListener log
INFO: Server built:          Dec 7 2015 13:07:11 UTC
Aug 21, 2016 6:34:01 PM org.apache.catalina.startup.VersionLoggerListener log
INFO: Server number:         7.0.67.0
Aug 21, 2016 6:34:01 PM org.apache.catalina.startup.VersionLoggerListener log
INFO: OS Name:               Windows 7
Aug 21, 2016 6:34:01 PM org.apache.catalina.startup.VersionLoggerListener log
INFO: OS Version:            6.1
Aug 21, 2016 6:34:01 PM org.apache.catalina.startup.VersionLoggerListener log
INFO: Architecture:          amd64
Aug 21, 2016 6:34:01 PM org.apache.catalina.startup.VersionLoggerListener log
INFO: Java Home:             C:\Program Files\Java\jdk1.8.0_91\jre
Aug 21, 2016 6:34:01 PM org.apache.catalina.startup.VersionLoggerListener log
INFO: JVM Version:           1.8.0_91-b14
Aug 21, 2016 6:34:01 PM org.apache.catalina.startup.VersionLoggerListener log
INFO: JVM Vendor:            Oracle Corporation
Aug 21, 2016 6:34:01 PM org.apache.catalina.startup.VersionLoggerListener log
INFO: CATALINA_BASE:         c:\git\HeadFirstServletsAndJsp\apache-tomcat-7.0.67
Aug 21, 2016 6:34:01 PM org.apache.catalina.startup.VersionLoggerListener log
INFO: CATALINA_HOME:         c:\git\HeadFirstServletsAndJsp\apache-tomcat-7.0.67
Aug 21, 2016 6:34:01 PM org.apache.catalina.startup.VersionLoggerListener log
INFO: Command line argument: -Djava.util.logging.config.file=c:\git\HeadFirstServletsAndJsp\apache-tomcat-7.0.67\conf\logging.properties
Aug 21, 2016 6:34:01 PM org.apache.catalina.startup.VersionLoggerListener log
INFO: Command line argument: -Djava.util.logging.manager=org.apache.juli.ClassLoaderLogManager
Aug 21, 2016 6:34:01 PM org.apache.catalina.startup.VersionLoggerListener log
INFO: Command line argument: -Djava.endorsed.dirs=c:\git\HeadFirstServletsAndJsp\apache-tomcat-7.0.67\endorsed
Aug 21, 2016 6:34:01 PM org.apache.catalina.startup.VersionLoggerListener log
INFO: Command line argument: -Dcatalina.base=c:\git\HeadFirstServletsAndJsp\apache-tomcat-7.0.67
Aug 21, 2016 6:34:01 PM org.apache.catalina.startup.VersionLoggerListener log
INFO: Command line argument: -Dcatalina.home=c:\git\HeadFirstServletsAndJsp\apache-tomcat-7.0.67
Aug 21, 2016 6:34:01 PM org.apache.catalina.startup.VersionLoggerListener log
INFO: Command line argument: -Djava.io.tmpdir=c:\git\HeadFirstServletsAndJsp\apache-tomcat-7.0.67\temp
Aug 21, 2016 6:34:01 PM org.apache.catalina.core.AprLifecycleListener lifecycleEvent
INFO: Loaded APR based Apache Tomcat Native library 1.1.33 using APR version 1.5.1.
Aug 21, 2016 6:34:01 PM org.apache.catalina.core.AprLifecycleListener lifecycleEvent
INFO: APR capabilities: IPv6 [true], sendfile [true], accept filters [false], random [true].
Aug 21, 2016 6:34:02 PM org.apache.catalina.core.AprLifecycleListener initializeSSL
INFO: OpenSSL successfully initialized (OpenSSL 1.0.1m 19 Mar 2015)
Aug 21, 2016 6:34:03 PM org.apache.coyote.AbstractProtocol init
INFO: Initializing ProtocolHandler ["http-apr-8080"]
Aug 21, 2016 6:34:03 PM org.apache.coyote.AbstractProtocol init
INFO: Initializing ProtocolHandler ["ajp-apr-8009"]
Aug 21, 2016 6:34:03 PM org.apache.catalina.startup.Catalina load
INFO: Initialization processed in 5205 ms
Aug 21, 2016 6:34:04 PM org.apache.catalina.core.StandardService startInternal
INFO: Starting service Catalina
Aug 21, 2016 6:34:04 PM org.apache.catalina.core.StandardEngine startInternal
INFO: Starting Servlet Engine: Apache Tomcat/7.0.67
Aug 21, 2016 6:34:04 PM org.apache.catalina.startup.HostConfig deployDirectory
INFO: Deploying web application directory C:\git\HeadFirstServletsAndJsp\apache-tomcat-7.0.67\webapps\Beer-v1
Aug 21, 2016 6:34:05 PM org.apache.catalina.util.SessionIdGeneratorBase createSecureRandom
INFO: Creation of SecureRandom instance for session ID generation using [SHA1PRNG] took [427] milliseconds.
Aug 21, 2016 6:34:05 PM org.apache.catalina.startup.HostConfig deployDirectory
INFO: Deployment of web application directory C:\git\HeadFirstServletsAndJsp\apache-tomcat-7.0.67\webapps\Beer-v1 has finished in 1,463 ms
Aug 21, 2016 6:34:05 PM org.apache.catalina.startup.HostConfig deployDirectory
INFO: Deploying web application directory C:\git\HeadFirstServletsAndJsp\apache-tomcat-7.0.67\webapps\ch1
Aug 21, 2016 6:34:05 PM org.apache.catalina.startup.HostConfig deployDirectory
INFO: Deployment of web application directory C:\git\HeadFirstServletsAndJsp\apache-tomcat-7.0.67\webapps\ch1 has finished in 114 ms
Aug 21, 2016 6:34:05 PM org.apache.catalina.startup.HostConfig deployDirectory
INFO: Deploying web application directory C:\git\HeadFirstServletsAndJsp\apache-tomcat-7.0.67\webapps\host-manager
Aug 21, 2016 6:34:05 PM org.apache.catalina.startup.HostConfig deployDirectory
INFO: Deployment of web application directory C:\git\HeadFirstServletsAndJsp\apache-tomcat-7.0.67\webapps\host-manager has finished in 126 ms
Aug 21, 2016 6:34:05 PM org.apache.catalina.startup.HostConfig deployDirectory
INFO: Deploying web application directory C:\git\HeadFirstServletsAndJsp\apache-tomcat-7.0.67\webapps\manager
Aug 21, 2016 6:34:05 PM org.apache.catalina.startup.HostConfig deployDirectory
INFO: Deployment of web application directory C:\git\HeadFirstServletsAndJsp\apache-tomcat-7.0.67\webapps\manager has finished in 129 ms
Aug 21, 2016 6:34:05 PM org.apache.catalina.startup.HostConfig deployDirectory
INFO: Deploying web application directory C:\git\HeadFirstServletsAndJsp\apache-tomcat-7.0.67\webapps\ROOT
Aug 21, 2016 6:34:06 PM org.apache.catalina.startup.HostConfig deployDirectory
INFO: Deployment of web application directory C:\git\HeadFirstServletsAndJsp\apache-tomcat-7.0.67\webapps\ROOT has finished in 61 ms
Aug 21, 2016 6:34:06 PM org.apache.coyote.AbstractProtocol start
INFO: Starting ProtocolHandler ["http-apr-8080"]
Aug 21, 2016 6:34:06 PM org.apache.coyote.AbstractProtocol start
INFO: Starting ProtocolHandler ["ajp-apr-8009"]
Aug 21, 2016 6:34:06 PM org.apache.catalina.startup.Catalina start
INFO: Server startup in 2111 ms
Aug 21, 2016 6:37:33 PM org.apache.coyote.AbstractProtocol pause
INFO: Pausing ProtocolHandler ["http-apr-8080"]
Aug 21, 2016 6:37:33 PM org.apache.coyote.AbstractProtocol pause
INFO: Pausing ProtocolHandler ["ajp-apr-8009"]
Aug 21, 2016 6:37:33 PM org.apache.catalina.core.StandardService stopInternal
INFO: Stopping service Catalina
Aug 21, 2016 6:37:34 PM org.apache.coyote.AbstractProtocol stop
INFO: Stopping ProtocolHandler ["http-apr-8080"]
Aug 21, 2016 6:37:34 PM org.apache.coyote.AbstractProtocol stop
INFO: Stopping ProtocolHandler ["ajp-apr-8009"]
Aug 21, 2016 6:37:34 PM org.apache.coyote.AbstractProtocol destroy
INFO: Destroying ProtocolHandler ["http-apr-8080"]
Aug 21, 2016 6:37:34 PM org.apache.coyote.AbstractProtocol destroy
INFO: Destroying ProtocolHandler ["ajp-apr-8009"]
Aug 21, 2016 6:37:48 PM org.apache.catalina.startup.Catalina initDirs
SEVERE: Cannot find specified temporary folder at c:\git\HeadFirstServletsAndJsp\apache-tomcat-7.0.67\temp
Aug 21, 2016 6:37:49 PM org.apache.catalina.startup.VersionLoggerListener log
INFO: Server version:        Apache Tomcat/7.0.67
Aug 21, 2016 6:37:49 PM org.apache.catalina.startup.VersionLoggerListener log
INFO: Server built:          Dec 7 2015 13:07:11 UTC
Aug 21, 2016 6:37:49 PM org.apache.catalina.startup.VersionLoggerListener log
INFO: Server number:         7.0.67.0
Aug 21, 2016 6:37:49 PM org.apache.catalina.startup.VersionLoggerListener log
INFO: OS Name:               Windows 7
Aug 21, 2016 6:37:49 PM org.apache.catalina.startup.VersionLoggerListener log
INFO: OS Version:            6.1
Aug 21, 2016 6:37:49 PM org.apache.catalina.startup.VersionLoggerListener log
INFO: Architecture:          amd64
Aug 21, 2016 6:37:49 PM org.apache.catalina.startup.VersionLoggerListener log
INFO: Java Home:             C:\Program Files\Java\jdk1.8.0_91\jre
Aug 21, 2016 6:37:49 PM org.apache.catalina.startup.VersionLoggerListener log
INFO: JVM Version:           1.8.0_91-b14
Aug 21, 2016 6:37:49 PM org.apache.catalina.startup.VersionLoggerListener log
INFO: JVM Vendor:            Oracle Corporation
Aug 21, 2016 6:37:49 PM org.apache.catalina.startup.VersionLoggerListener log
INFO: CATALINA_BASE:         c:\git\HeadFirstServletsAndJsp\apache-tomcat-7.0.67
Aug 21, 2016 6:37:49 PM org.apache.catalina.startup.VersionLoggerListener log
INFO: CATALINA_HOME:         c:\git\HeadFirstServletsAndJsp\apache-tomcat-7.0.67
Aug 21, 2016 6:37:49 PM org.apache.catalina.startup.VersionLoggerListener log
INFO: Command line argument: -Djava.util.logging.config.file=c:\git\HeadFirstServletsAndJsp\apache-tomcat-7.0.67\conf\logging.properties
Aug 21, 2016 6:37:49 PM org.apache.catalina.startup.VersionLoggerListener log
INFO: Command line argument: -Djava.util.logging.manager=org.apache.juli.ClassLoaderLogManager
Aug 21, 2016 6:37:49 PM org.apache.catalina.startup.VersionLoggerListener log
INFO: Command line argument: -Djava.endorsed.dirs=c:\git\HeadFirstServletsAndJsp\apache-tomcat-7.0.67\endorsed
Aug 21, 2016 6:37:49 PM org.apache.catalina.startup.VersionLoggerListener log
INFO: Command line argument: -Dcatalina.base=c:\git\HeadFirstServletsAndJsp\apache-tomcat-7.0.67
Aug 21, 2016 6:37:49 PM org.apache.catalina.startup.VersionLoggerListener log
INFO: Command line argument: -Dcatalina.home=c:\git\HeadFirstServletsAndJsp\apache-tomcat-7.0.67
Aug 21, 2016 6:37:49 PM org.apache.catalina.startup.VersionLoggerListener log
INFO: Command line argument: -Djava.io.tmpdir=c:\git\HeadFirstServletsAndJsp\apache-tomcat-7.0.67\temp
Aug 21, 2016 6:37:49 PM org.apache.catalina.core.AprLifecycleListener lifecycleEvent
INFO: Loaded APR based Apache Tomcat Native library 1.1.33 using APR version 1.5.1.
Aug 21, 2016 6:37:49 PM org.apache.catalina.core.AprLifecycleListener lifecycleEvent
INFO: APR capabilities: IPv6 [true], sendfile [true], accept filters [false], random [true].
Aug 21, 2016 6:37:49 PM org.apache.catalina.core.AprLifecycleListener initializeSSL
INFO: OpenSSL successfully initialized (OpenSSL 1.0.1m 19 Mar 2015)
Aug 21, 2016 6:37:50 PM org.apache.coyote.AbstractProtocol init
INFO: Initializing ProtocolHandler ["http-apr-8080"]
Aug 21, 2016 6:37:50 PM org.apache.coyote.AbstractProtocol init
INFO: Initializing ProtocolHandler ["ajp-apr-8009"]
Aug 21, 2016 6:37:50 PM org.apache.catalina.startup.Catalina load
INFO: Initialization processed in 1481 ms
Aug 21, 2016 6:37:50 PM org.apache.catalina.core.StandardService startInternal
INFO: Starting service Catalina
Aug 21, 2016 6:37:50 PM org.apache.catalina.core.StandardEngine startInternal
INFO: Starting Servlet Engine: Apache Tomcat/7.0.67
Aug 21, 2016 6:37:50 PM org.apache.catalina.startup.HostConfig deployDirectory
INFO: Deploying web application directory C:\git\HeadFirstServletsAndJsp\apache-tomcat-7.0.67\webapps\Beer-v1
Aug 21, 2016 6:37:50 PM org.apache.catalina.util.SessionIdGeneratorBase createSecureRandom
INFO: Creation of SecureRandom instance for session ID generation using [SHA1PRNG] took [185] milliseconds.
Aug 21, 2016 6:37:50 PM org.apache.catalina.startup.HostConfig deployDirectory
INFO: Deployment of web application directory C:\git\HeadFirstServletsAndJsp\apache-tomcat-7.0.67\webapps\Beer-v1 has finished in 574 ms
Aug 21, 2016 6:37:50 PM org.apache.catalina.startup.HostConfig deployDirectory
INFO: Deploying web application directory C:\git\HeadFirstServletsAndJsp\apache-tomcat-7.0.67\webapps\ch1
Aug 21, 2016 6:37:50 PM org.apache.catalina.startup.HostConfig deployDirectory
INFO: Deployment of web application directory C:\git\HeadFirstServletsAndJsp\apache-tomcat-7.0.67\webapps\ch1 has finished in 74 ms
Aug 21, 2016 6:37:50 PM org.apache.catalina.startup.HostConfig deployDirectory
INFO: Deploying web application directory C:\git\HeadFirstServletsAndJsp\apache-tomcat-7.0.67\webapps\host-manager
Aug 21, 2016 6:37:50 PM org.apache.catalina.startup.HostConfig deployDirectory
INFO: Deployment of web application directory C:\git\HeadFirstServletsAndJsp\apache-tomcat-7.0.67\webapps\host-manager has finished in 80 ms
Aug 21, 2016 6:37:50 PM org.apache.catalina.startup.HostConfig deployDirectory
INFO: Deploying web application directory C:\git\HeadFirstServletsAndJsp\apache-tomcat-7.0.67\webapps\manager
Aug 21, 2016 6:37:50 PM org.apache.catalina.startup.HostConfig deployDirectory
INFO: Deployment of web application directory C:\git\HeadFirstServletsAndJsp\apache-tomcat-7.0.67\webapps\manager has finished in 87 ms
Aug 21, 2016 6:37:50 PM org.apache.catalina.startup.HostConfig deployDirectory
INFO: Deploying web application directory C:\git\HeadFirstServletsAndJsp\apache-tomcat-7.0.67\webapps\ROOT
Aug 21, 2016 6:37:51 PM org.apache.catalina.startup.HostConfig deployDirectory
INFO: Deployment of web application directory C:\git\HeadFirstServletsAndJsp\apache-tomcat-7.0.67\webapps\ROOT has finished in 75 ms
Aug 21, 2016 6:37:51 PM org.apache.coyote.AbstractProtocol start
INFO: Starting ProtocolHandler ["http-apr-8080"]
Aug 21, 2016 6:37:51 PM org.apache.coyote.AbstractProtocol start
INFO: Starting ProtocolHandler ["ajp-apr-8009"]
Aug 21, 2016 6:37:51 PM org.apache.catalina.startup.Catalina start
INFO: Server startup in 950 ms
Aug 21, 2016 6:56:15 PM org.apache.coyote.AbstractProtocol pause
INFO: Pausing ProtocolHandler ["http-apr-8080"]
Aug 21, 2016 6:56:15 PM org.apache.coyote.AbstractProtocol pause
INFO: Pausing ProtocolHandler ["ajp-apr-8009"]
Aug 21, 2016 6:56:15 PM org.apache.catalina.core.StandardService stopInternal
INFO: Stopping service Catalina
Aug 21, 2016 6:56:15 PM org.apache.coyote.AbstractProtocol stop
INFO: Stopping ProtocolHandler ["http-apr-8080"]
Aug 21, 2016 6:56:15 PM org.apache.coyote.AbstractProtocol stop
INFO: Stopping ProtocolHandler ["ajp-apr-8009"]
Aug 21, 2016 6:56:15 PM org.apache.coyote.AbstractProtocol destroy
INFO: Destroying ProtocolHandler ["http-apr-8080"]
Aug 21, 2016 6:56:15 PM org.apache.coyote.AbstractProtocol destroy
INFO: Destroying ProtocolHandler ["ajp-apr-8009"]
Aug 21, 2016 6:56:26 PM org.apache.catalina.startup.Catalina initDirs
SEVERE: Cannot find specified temporary folder at c:\git\HeadFirstServletsAndJsp\apache-tomcat-7.0.67\temp
Aug 21, 2016 6:56:27 PM org.apache.catalina.startup.VersionLoggerListener log
INFO: Server version:        Apache Tomcat/7.0.67
Aug 21, 2016 6:56:27 PM org.apache.catalina.startup.VersionLoggerListener log
INFO: Server built:          Dec 7 2015 13:07:11 UTC
Aug 21, 2016 6:56:27 PM org.apache.catalina.startup.VersionLoggerListener log
INFO: Server number:         7.0.67.0
Aug 21, 2016 6:56:27 PM org.apache.catalina.startup.VersionLoggerListener log
INFO: OS Name:               Windows 7
Aug 21, 2016 6:56:27 PM org.apache.catalina.startup.VersionLoggerListener log
INFO: OS Version:            6.1
Aug 21, 2016 6:56:27 PM org.apache.catalina.startup.VersionLoggerListener log
INFO: Architecture:          amd64
Aug 21, 2016 6:56:27 PM org.apache.catalina.startup.VersionLoggerListener log
INFO: Java Home:             C:\Program Files\Java\jdk1.8.0_91\jre
Aug 21, 2016 6:56:27 PM org.apache.catalina.startup.VersionLoggerListener log
INFO: JVM Version:           1.8.0_91-b14
Aug 21, 2016 6:56:27 PM org.apache.catalina.startup.VersionLoggerListener log
INFO: JVM Vendor:            Oracle Corporation
Aug 21, 2016 6:56:27 PM org.apache.catalina.startup.VersionLoggerListener log
INFO: CATALINA_BASE:         c:\git\HeadFirstServletsAndJsp\apache-tomcat-7.0.67
Aug 21, 2016 6:56:27 PM org.apache.catalina.startup.VersionLoggerListener log
INFO: CATALINA_HOME:         c:\git\HeadFirstServletsAndJsp\apache-tomcat-7.0.67
Aug 21, 2016 6:56:27 PM org.apache.catalina.startup.VersionLoggerListener log
INFO: Command line argument: -Djava.util.logging.config.file=c:\git\HeadFirstServletsAndJsp\apache-tomcat-7.0.67\conf\logging.properties
Aug 21, 2016 6:56:27 PM org.apache.catalina.startup.VersionLoggerListener log
INFO: Command line argument: -Djava.util.logging.manager=org.apache.juli.ClassLoaderLogManager
Aug 21, 2016 6:56:27 PM org.apache.catalina.startup.VersionLoggerListener log
INFO: Command line argument: -Djava.endorsed.dirs=c:\git\HeadFirstServletsAndJsp\apache-tomcat-7.0.67\endorsed
Aug 21, 2016 6:56:27 PM org.apache.catalina.startup.VersionLoggerListener log
INFO: Command line argument: -Dcatalina.base=c:\git\HeadFirstServletsAndJsp\apache-tomcat-7.0.67
Aug 21, 2016 6:56:27 PM org.apache.catalina.startup.VersionLoggerListener log
INFO: Command line argument: -Dcatalina.home=c:\git\HeadFirstServletsAndJsp\apache-tomcat-7.0.67
Aug 21, 2016 6:56:27 PM org.apache.catalina.startup.VersionLoggerListener log
INFO: Command line argument: -Djava.io.tmpdir=c:\git\HeadFirstServletsAndJsp\apache-tomcat-7.0.67\temp
Aug 21, 2016 6:56:27 PM org.apache.catalina.core.AprLifecycleListener lifecycleEvent
INFO: Loaded APR based Apache Tomcat Native library 1.1.33 using APR version 1.5.1.
Aug 21, 2016 6:56:27 PM org.apache.catalina.core.AprLifecycleListener lifecycleEvent
INFO: APR capabilities: IPv6 [true], sendfile [true], accept filters [false], random [true].
Aug 21, 2016 6:56:28 PM org.apache.catalina.core.AprLifecycleListener initializeSSL
INFO: OpenSSL successfully initialized (OpenSSL 1.0.1m 19 Mar 2015)
Aug 21, 2016 6:56:28 PM org.apache.coyote.AbstractProtocol init
INFO: Initializing ProtocolHandler ["http-apr-8080"]
Aug 21, 2016 6:56:28 PM org.apache.coyote.AbstractProtocol init
INFO: Initializing ProtocolHandler ["ajp-apr-8009"]
Aug 21, 2016 6:56:28 PM org.apache.catalina.startup.Catalina load
INFO: Initialization processed in 1493 ms
Aug 21, 2016 6:56:28 PM org.apache.catalina.core.StandardService startInternal
INFO: Starting service Catalina
Aug 21, 2016 6:56:28 PM org.apache.catalina.core.StandardEngine startInternal
INFO: Starting Servlet Engine: Apache Tomcat/7.0.67
Aug 21, 2016 6:56:28 PM org.apache.catalina.startup.HostConfig deployDirectory
INFO: Deploying web application directory C:\git\HeadFirstServletsAndJsp\apache-tomcat-7.0.67\webapps\Beer-v1
Aug 21, 2016 6:56:28 PM org.apache.catalina.util.SessionIdGeneratorBase createSecureRandom
INFO: Creation of SecureRandom instance for session ID generation using [SHA1PRNG] took [174] milliseconds.
Aug 21, 2016 6:56:28 PM org.apache.catalina.startup.HostConfig deployDirectory
INFO: Deployment of web application directory C:\git\HeadFirstServletsAndJsp\apache-tomcat-7.0.67\webapps\Beer-v1 has finished in 584 ms
Aug 21, 2016 6:56:28 PM org.apache.catalina.startup.HostConfig deployDirectory
INFO: Deploying web application directory C:\git\HeadFirstServletsAndJsp\apache-tomcat-7.0.67\webapps\ch1
Aug 21, 2016 6:56:28 PM org.apache.catalina.startup.HostConfig deployDirectory
INFO: Deployment of web application directory C:\git\HeadFirstServletsAndJsp\apache-tomcat-7.0.67\webapps\ch1 has finished in 83 ms
Aug 21, 2016 6:56:28 PM org.apache.catalina.startup.HostConfig deployDirectory
INFO: Deploying web application directory C:\git\HeadFirstServletsAndJsp\apache-tomcat-7.0.67\webapps\host-manager
Aug 21, 2016 6:56:29 PM org.apache.catalina.startup.HostConfig deployDirectory
INFO: Deployment of web application directory C:\git\HeadFirstServletsAndJsp\apache-tomcat-7.0.67\webapps\host-manager has finished in 96 ms
Aug 21, 2016 6:56:29 PM org.apache.catalina.startup.HostConfig deployDirectory
INFO: Deploying web application directory C:\git\HeadFirstServletsAndJsp\apache-tomcat-7.0.67\webapps\manager
Aug 21, 2016 6:56:29 PM org.apache.catalina.startup.HostConfig deployDirectory
INFO: Deployment of web application directory C:\git\HeadFirstServletsAndJsp\apache-tomcat-7.0.67\webapps\manager has finished in 135 ms
Aug 21, 2016 6:56:29 PM org.apache.catalina.startup.HostConfig deployDirectory
INFO: Deploying web application directory C:\git\HeadFirstServletsAndJsp\apache-tomcat-7.0.67\webapps\ROOT
Aug 21, 2016 6:56:29 PM org.apache.catalina.startup.HostConfig deployDirectory
INFO: Deployment of web application directory C:\git\HeadFirstServletsAndJsp\apache-tomcat-7.0.67\webapps\ROOT has finished in 55 ms
Aug 21, 2016 6:56:29 PM org.apache.coyote.AbstractProtocol start
INFO: Starting ProtocolHandler ["http-apr-8080"]
Aug 21, 2016 6:56:29 PM org.apache.coyote.AbstractProtocol start
INFO: Starting ProtocolHandler ["ajp-apr-8009"]
Aug 21, 2016 6:56:29 PM org.apache.catalina.startup.Catalina start
INFO: Server startup in 1017 ms
Aug 21, 2016 6:59:46 PM org.apache.coyote.AbstractProtocol pause
INFO: Pausing ProtocolHandler ["http-apr-8080"]
Aug 21, 2016 6:59:46 PM org.apache.coyote.AbstractProtocol pause
INFO: Pausing ProtocolHandler ["ajp-apr-8009"]
Aug 21, 2016 6:59:46 PM org.apache.catalina.core.StandardService stopInternal
INFO: Stopping service Catalina
Aug 21, 2016 6:59:46 PM org.apache.coyote.AbstractProtocol stop
INFO: Stopping ProtocolHandler ["http-apr-8080"]
Aug 21, 2016 6:59:46 PM org.apache.coyote.AbstractProtocol stop
INFO: Stopping ProtocolHandler ["ajp-apr-8009"]
Aug 21, 2016 6:59:46 PM org.apache.coyote.AbstractProtocol destroy
INFO: Destroying ProtocolHandler ["http-apr-8080"]
Aug 21, 2016 6:59:46 PM org.apache.coyote.AbstractProtocol destroy
INFO: Destroying ProtocolHandler ["ajp-apr-8009"]
Aug 21, 2016 6:59:52 PM org.apache.catalina.startup.Catalina initDirs
SEVERE: Cannot find specified temporary folder at c:\git\HeadFirstServletsAndJsp\apache-tomcat-7.0.67\temp
Aug 21, 2016 6:59:52 PM org.apache.catalina.startup.VersionLoggerListener log
INFO: Server version:        Apache Tomcat/7.0.67
Aug 21, 2016 6:59:52 PM org.apache.catalina.startup.VersionLoggerListener log
INFO: Server built:          Dec 7 2015 13:07:11 UTC
Aug 21, 2016 6:59:52 PM org.apache.catalina.startup.VersionLoggerListener log
INFO: Server number:         7.0.67.0
Aug 21, 2016 6:59:52 PM org.apache.catalina.startup.VersionLoggerListener log
INFO: OS Name:               Windows 7
Aug 21, 2016 6:59:52 PM org.apache.catalina.startup.VersionLoggerListener log
INFO: OS Version:            6.1
Aug 21, 2016 6:59:52 PM org.apache.catalina.startup.VersionLoggerListener log
INFO: Architecture:          amd64
Aug 21, 2016 6:59:52 PM org.apache.catalina.startup.VersionLoggerListener log
INFO: Java Home:             C:\Program Files\Java\jdk1.8.0_91\jre
Aug 21, 2016 6:59:52 PM org.apache.catalina.startup.VersionLoggerListener log
INFO: JVM Version:           1.8.0_91-b14
Aug 21, 2016 6:59:52 PM org.apache.catalina.startup.VersionLoggerListener log
INFO: JVM Vendor:            Oracle Corporation
Aug 21, 2016 6:59:52 PM org.apache.catalina.startup.VersionLoggerListener log
INFO: CATALINA_BASE:         c:\git\HeadFirstServletsAndJsp\apache-tomcat-7.0.67
Aug 21, 2016 6:59:52 PM org.apache.catalina.startup.VersionLoggerListener log
INFO: CATALINA_HOME:         c:\git\HeadFirstServletsAndJsp\apache-tomcat-7.0.67
Aug 21, 2016 6:59:52 PM org.apache.catalina.startup.VersionLoggerListener log
INFO: Command line argument: -Djava.util.logging.config.file=c:\git\HeadFirstServletsAndJsp\apache-tomcat-7.0.67\conf\logging.properties
Aug 21, 2016 6:59:52 PM org.apache.catalina.startup.VersionLoggerListener log
INFO: Command line argument: -Djava.util.logging.manager=org.apache.juli.ClassLoaderLogManager
Aug 21, 2016 6:59:52 PM org.apache.catalina.startup.VersionLoggerListener log
INFO: Command line argument: -Djava.endorsed.dirs=c:\git\HeadFirstServletsAndJsp\apache-tomcat-7.0.67\endorsed
Aug 21, 2016 6:59:52 PM org.apache.catalina.startup.VersionLoggerListener log
INFO: Command line argument: -Dcatalina.base=c:\git\HeadFirstServletsAndJsp\apache-tomcat-7.0.67
Aug 21, 2016 6:59:52 PM org.apache.catalina.startup.VersionLoggerListener log
INFO: Command line argument: -Dcatalina.home=c:\git\HeadFirstServletsAndJsp\apache-tomcat-7.0.67
Aug 21, 2016 6:59:52 PM org.apache.catalina.startup.VersionLoggerListener log
INFO: Command line argument: -Djava.io.tmpdir=c:\git\HeadFirstServletsAndJsp\apache-tomcat-7.0.67\temp
Aug 21, 2016 6:59:52 PM org.apache.catalina.core.AprLifecycleListener lifecycleEvent
INFO: Loaded APR based Apache Tomcat Native library 1.1.33 using APR version 1.5.1.
Aug 21, 2016 6:59:52 PM org.apache.catalina.core.AprLifecycleListener lifecycleEvent
INFO: APR capabilities: IPv6 [true], sendfile [true], accept filters [false], random [true].
Aug 21, 2016 6:59:53 PM org.apache.catalina.core.AprLifecycleListener initializeSSL
INFO: OpenSSL successfully initialized (OpenSSL 1.0.1m 19 Mar 2015)
Aug 21, 2016 6:59:53 PM org.apache.coyote.AbstractProtocol init
INFO: Initializing ProtocolHandler ["http-apr-8080"]
Aug 21, 2016 6:59:53 PM org.apache.coyote.AbstractProtocol init
INFO: Initializing ProtocolHandler ["ajp-apr-8009"]
Aug 21, 2016 6:59:53 PM org.apache.catalina.startup.Catalina load
INFO: Initialization processed in 1509 ms
Aug 21, 2016 6:59:53 PM org.apache.catalina.core.StandardService startInternal
INFO: Starting service Catalina
Aug 21, 2016 6:59:53 PM org.apache.catalina.core.StandardEngine startInternal
INFO: Starting Servlet Engine: Apache Tomcat/7.0.67
Aug 21, 2016 6:59:53 PM org.apache.catalina.startup.HostConfig deployDirectory
INFO: Deploying web application directory C:\git\HeadFirstServletsAndJsp\apache-tomcat-7.0.67\webapps\Beer-v1
Aug 21, 2016 6:59:54 PM org.apache.catalina.util.SessionIdGeneratorBase createSecureRandom
INFO: Creation of SecureRandom instance for session ID generation using [SHA1PRNG] took [203] milliseconds.
Aug 21, 2016 6:59:54 PM org.apache.catalina.startup.HostConfig deployDirectory
INFO: Deployment of web application directory C:\git\HeadFirstServletsAndJsp\apache-tomcat-7.0.67\webapps\Beer-v1 has finished in 782 ms
Aug 21, 2016 6:59:54 PM org.apache.catalina.startup.HostConfig deployDirectory
INFO: Deploying web application directory C:\git\HeadFirstServletsAndJsp\apache-tomcat-7.0.67\webapps\ch1
Aug 21, 2016 6:59:54 PM org.apache.catalina.startup.HostConfig deployDirectory
INFO: Deployment of web application directory C:\git\HeadFirstServletsAndJsp\apache-tomcat-7.0.67\webapps\ch1 has finished in 72 ms
Aug 21, 2016 6:59:54 PM org.apache.catalina.startup.HostConfig deployDirectory
INFO: Deploying web application directory C:\git\HeadFirstServletsAndJsp\apache-tomcat-7.0.67\webapps\host-manager
Aug 21, 2016 6:59:54 PM org.apache.catalina.startup.HostConfig deployDirectory
INFO: Deployment of web application directory C:\git\HeadFirstServletsAndJsp\apache-tomcat-7.0.67\webapps\host-manager has finished in 78 ms
Aug 21, 2016 6:59:54 PM org.apache.catalina.startup.HostConfig deployDirectory
INFO: Deploying web application directory C:\git\HeadFirstServletsAndJsp\apache-tomcat-7.0.67\webapps\manager
Aug 21, 2016 6:59:54 PM org.apache.catalina.startup.HostConfig deployDirectory
INFO: Deployment of web application directory C:\git\HeadFirstServletsAndJsp\apache-tomcat-7.0.67\webapps\manager has finished in 84 ms
Aug 21, 2016 6:59:54 PM org.apache.catalina.startup.HostConfig deployDirectory
INFO: Deploying web application directory C:\git\HeadFirstServletsAndJsp\apache-tomcat-7.0.67\webapps\ROOT
Aug 21, 2016 6:59:54 PM org.apache.catalina.startup.HostConfig deployDirectory
INFO: Deployment of web application directory C:\git\HeadFirstServletsAndJsp\apache-tomcat-7.0.67\webapps\ROOT has finished in 57 ms
Aug 21, 2016 6:59:54 PM org.apache.coyote.AbstractProtocol start
INFO: Starting ProtocolHandler ["http-apr-8080"]
Aug 21, 2016 6:59:54 PM org.apache.coyote.AbstractProtocol start
INFO: Starting ProtocolHandler ["ajp-apr-8009"]
Aug 21, 2016 6:59:54 PM org.apache.catalina.startup.Catalina start
INFO: Server startup in 1135 ms
Aug 21, 2016 7:01:53 PM org.apache.coyote.AbstractProtocol pause
INFO: Pausing ProtocolHandler ["http-apr-8080"]
Aug 21, 2016 7:01:53 PM org.apache.coyote.AbstractProtocol pause
INFO: Pausing ProtocolHandler ["ajp-apr-8009"]
Aug 21, 2016 7:01:53 PM org.apache.catalina.core.StandardService stopInternal
INFO: Stopping service Catalina
Aug 21, 2016 7:01:53 PM org.apache.coyote.AbstractProtocol stop
INFO: Stopping ProtocolHandler ["http-apr-8080"]
Aug 21, 2016 7:01:53 PM org.apache.coyote.AbstractProtocol stop
INFO: Stopping ProtocolHandler ["ajp-apr-8009"]
Aug 21, 2016 7:01:53 PM org.apache.coyote.AbstractProtocol destroy
INFO: Destroying ProtocolHandler ["http-apr-8080"]
Aug 21, 2016 7:01:53 PM org.apache.coyote.AbstractProtocol destroy
INFO: Destroying ProtocolHandler ["ajp-apr-8009"]
Aug 21, 2016 7:02:20 PM org.apache.catalina.startup.Catalina initDirs
SEVERE: Cannot find specified temporary folder at c:\git\HeadFirstServletsAndJsp\apache-tomcat-7.0.67\temp
Aug 21, 2016 7:02:21 PM org.apache.catalina.startup.VersionLoggerListener log
INFO: Server version:        Apache Tomcat/7.0.67
Aug 21, 2016 7:02:21 PM org.apache.catalina.startup.VersionLoggerListener log
INFO: Server built:          Dec 7 2015 13:07:11 UTC
Aug 21, 2016 7:02:21 PM org.apache.catalina.startup.VersionLoggerListener log
INFO: Server number:         7.0.67.0
Aug 21, 2016 7:02:21 PM org.apache.catalina.startup.VersionLoggerListener log
INFO: OS Name:               Windows 7
Aug 21, 2016 7:02:21 PM org.apache.catalina.startup.VersionLoggerListener log
INFO: OS Version:            6.1
Aug 21, 2016 7:02:21 PM org.apache.catalina.startup.VersionLoggerListener log
INFO: Architecture:          amd64
Aug 21, 2016 7:02:21 PM org.apache.catalina.startup.VersionLoggerListener log
INFO: Java Home:             C:\Program Files\Java\jdk1.8.0_91\jre
Aug 21, 2016 7:02:21 PM org.apache.catalina.startup.VersionLoggerListener log
INFO: JVM Version:           1.8.0_91-b14
Aug 21, 2016 7:02:21 PM org.apache.catalina.startup.VersionLoggerListener log
INFO: JVM Vendor:            Oracle Corporation
Aug 21, 2016 7:02:21 PM org.apache.catalina.startup.VersionLoggerListener log
INFO: CATALINA_BASE:         c:\git\HeadFirstServletsAndJsp\apache-tomcat-7.0.67
Aug 21, 2016 7:02:21 PM org.apache.catalina.startup.VersionLoggerListener log
INFO: CATALINA_HOME:         c:\git\HeadFirstServletsAndJsp\apache-tomcat-7.0.67
Aug 21, 2016 7:02:21 PM org.apache.catalina.startup.VersionLoggerListener log
INFO: Command line argument: -Djava.util.logging.config.file=c:\git\HeadFirstServletsAndJsp\apache-tomcat-7.0.67\conf\logging.properties
Aug 21, 2016 7:02:21 PM org.apache.catalina.startup.VersionLoggerListener log
INFO: Command line argument: -Djava.util.logging.manager=org.apache.juli.ClassLoaderLogManager
Aug 21, 2016 7:02:21 PM org.apache.catalina.startup.VersionLoggerListener log
INFO: Command line argument: -Djava.endorsed.dirs=c:\git\HeadFirstServletsAndJsp\apache-tomcat-7.0.67\endorsed
Aug 21, 2016 7:02:21 PM org.apache.catalina.startup.VersionLoggerListener log
INFO: Command line argument: -Dcatalina.base=c:\git\HeadFirstServletsAndJsp\apache-tomcat-7.0.67
Aug 21, 2016 7:02:21 PM org.apache.catalina.startup.VersionLoggerListener log
INFO: Command line argument: -Dcatalina.home=c:\git\HeadFirstServletsAndJsp\apache-tomcat-7.0.67
Aug 21, 2016 7:02:21 PM org.apache.catalina.startup.VersionLoggerListener log
INFO: Command line argument: -Djava.io.tmpdir=c:\git\HeadFirstServletsAndJsp\apache-tomcat-7.0.67\temp
Aug 21, 2016 7:02:21 PM org.apache.catalina.core.AprLifecycleListener lifecycleEvent
INFO: Loaded APR based Apache Tomcat Native library 1.1.33 using APR version 1.5.1.
Aug 21, 2016 7:02:21 PM org.apache.catalina.core.AprLifecycleListener lifecycleEvent
INFO: APR capabilities: IPv6 [true], sendfile [true], accept filters [false], random [true].
Aug 21, 2016 7:02:22 PM org.apache.catalina.core.AprLifecycleListener initializeSSL
INFO: OpenSSL successfully initialized (OpenSSL 1.0.1m 19 Mar 2015)
Aug 21, 2016 7:02:22 PM org.apache.coyote.AbstractProtocol init
INFO: Initializing ProtocolHandler ["http-apr-8080"]
Aug 21, 2016 7:02:22 PM org.apache.coyote.AbstractProtocol init
INFO: Initializing ProtocolHandler ["ajp-apr-8009"]
Aug 21, 2016 7:02:22 PM org.apache.catalina.startup.Catalina load
INFO: Initialization processed in 1529 ms
Aug 21, 2016 7:02:22 PM org.apache.catalina.core.StandardService startInternal
INFO: Starting service Catalina
Aug 21, 2016 7:02:22 PM org.apache.catalina.core.StandardEngine startInternal
INFO: Starting Servlet Engine: Apache Tomcat/7.0.67
Aug 21, 2016 7:02:22 PM org.apache.catalina.startup.HostConfig deployDirectory
INFO: Deploying web application directory C:\git\HeadFirstServletsAndJsp\apache-tomcat-7.0.67\webapps\Beer-v1
Aug 21, 2016 7:02:23 PM org.apache.catalina.util.SessionIdGeneratorBase createSecureRandom
INFO: Creation of SecureRandom instance for session ID generation using [SHA1PRNG] took [184] milliseconds.
Aug 21, 2016 7:02:23 PM org.apache.catalina.startup.HostConfig deployDirectory
INFO: Deployment of web application directory C:\git\HeadFirstServletsAndJsp\apache-tomcat-7.0.67\webapps\Beer-v1 has finished in 662 ms
Aug 21, 2016 7:02:23 PM org.apache.catalina.startup.HostConfig deployDirectory
INFO: Deploying web application directory C:\git\HeadFirstServletsAndJsp\apache-tomcat-7.0.67\webapps\ch1
Aug 21, 2016 7:02:23 PM org.apache.catalina.startup.HostConfig deployDirectory
INFO: Deployment of web application directory C:\git\HeadFirstServletsAndJsp\apache-tomcat-7.0.67\webapps\ch1 has finished in 85 ms
Aug 21, 2016 7:02:23 PM org.apache.catalina.startup.HostConfig deployDirectory
INFO: Deploying web application directory C:\git\HeadFirstServletsAndJsp\apache-tomcat-7.0.67\webapps\host-manager
Aug 21, 2016 7:02:23 PM org.apache.catalina.startup.HostConfig deployDirectory
INFO: Deployment of web application directory C:\git\HeadFirstServletsAndJsp\apache-tomcat-7.0.67\webapps\host-manager has finished in 83 ms
Aug 21, 2016 7:02:23 PM org.apache.catalina.startup.HostConfig deployDirectory
INFO: Deploying web application directory C:\git\HeadFirstServletsAndJsp\apache-tomcat-7.0.67\webapps\manager
Aug 21, 2016 7:02:23 PM org.apache.catalina.startup.HostConfig deployDirectory
INFO: Deployment of web application directory C:\git\HeadFirstServletsAndJsp\apache-tomcat-7.0.67\webapps\manager has finished in 108 ms
Aug 21, 2016 7:02:23 PM org.apache.catalina.startup.HostConfig deployDirectory
INFO: Deploying web application directory C:\git\HeadFirstServletsAndJsp\apache-tomcat-7.0.67\webapps\ROOT
Aug 21, 2016 7:02:23 PM org.apache.catalina.startup.HostConfig deployDirectory
INFO: Deployment of web application directory C:\git\HeadFirstServletsAndJsp\apache-tomcat-7.0.67\webapps\ROOT has finished in 58 ms
Aug 21, 2016 7:02:23 PM org.apache.coyote.AbstractProtocol start
INFO: Starting ProtocolHandler ["http-apr-8080"]
Aug 21, 2016 7:02:23 PM org.apache.coyote.AbstractProtocol start
INFO: Starting ProtocolHandler ["ajp-apr-8009"]
Aug 21, 2016 7:02:23 PM org.apache.catalina.startup.Catalina start
INFO: Server startup in 1058 ms
Aug 21, 2016 7:16:33 PM org.apache.coyote.AbstractProtocol pause
INFO: Pausing ProtocolHandler ["http-apr-8080"]
Aug 21, 2016 7:16:33 PM org.apache.coyote.AbstractProtocol pause
INFO: Pausing ProtocolHandler ["ajp-apr-8009"]
Aug 21, 2016 7:16:33 PM org.apache.catalina.core.StandardService stopInternal
INFO: Stopping service Catalina
Aug 21, 2016 7:16:33 PM org.apache.coyote.AbstractProtocol stop
INFO: Stopping ProtocolHandler ["http-apr-8080"]
Aug 21, 2016 7:16:33 PM org.apache.coyote.AbstractProtocol stop
INFO: Stopping ProtocolHandler ["ajp-apr-8009"]
Aug 21, 2016 7:16:33 PM org.apache.coyote.AbstractProtocol destroy
INFO: Destroying ProtocolHandler ["http-apr-8080"]
Aug 21, 2016 7:16:33 PM org.apache.coyote.AbstractProtocol destroy
INFO: Destroying ProtocolHandler ["ajp-apr-8009"]
Aug 21, 2016 7:16:41 PM org.apache.catalina.startup.Catalina initDirs
SEVERE: Cannot find specified temporary folder at c:\git\HeadFirstServletsAndJsp\apache-tomcat-7.0.67\temp
Aug 21, 2016 7:16:42 PM org.apache.catalina.startup.VersionLoggerListener log
INFO: Server version:        Apache Tomcat/7.0.67
Aug 21, 2016 7:16:42 PM org.apache.catalina.startup.VersionLoggerListener log
INFO: Server built:          Dec 7 2015 13:07:11 UTC
Aug 21, 2016 7:16:42 PM org.apache.catalina.startup.VersionLoggerListener log
INFO: Server number:         7.0.67.0
Aug 21, 2016 7:16:42 PM org.apache.catalina.startup.VersionLoggerListener log
INFO: OS Name:               Windows 7
Aug 21, 2016 7:16:42 PM org.apache.catalina.startup.VersionLoggerListener log
INFO: OS Version:            6.1
Aug 21, 2016 7:16:42 PM org.apache.catalina.startup.VersionLoggerListener log
INFO: Architecture:          amd64
Aug 21, 2016 7:16:42 PM org.apache.catalina.startup.VersionLoggerListener log
INFO: Java Home:             C:\Program Files\Java\jdk1.8.0_91\jre
Aug 21, 2016 7:16:42 PM org.apache.catalina.startup.VersionLoggerListener log
INFO: JVM Version:           1.8.0_91-b14
Aug 21, 2016 7:16:42 PM org.apache.catalina.startup.VersionLoggerListener log
INFO: JVM Vendor:            Oracle Corporation
Aug 21, 2016 7:16:42 PM org.apache.catalina.startup.VersionLoggerListener log
INFO: CATALINA_BASE:         c:\git\HeadFirstServletsAndJsp\apache-tomcat-7.0.67
Aug 21, 2016 7:16:42 PM org.apache.catalina.startup.VersionLoggerListener log
INFO: CATALINA_HOME:         c:\git\HeadFirstServletsAndJsp\apache-tomcat-7.0.67
Aug 21, 2016 7:16:42 PM org.apache.catalina.startup.VersionLoggerListener log
INFO: Command line argument: -Djava.util.logging.config.file=c:\git\HeadFirstServletsAndJsp\apache-tomcat-7.0.67\conf\logging.properties
Aug 21, 2016 7:16:42 PM org.apache.catalina.startup.VersionLoggerListener log
INFO: Command line argument: -Djava.util.logging.manager=org.apache.juli.ClassLoaderLogManager
Aug 21, 2016 7:16:42 PM org.apache.catalina.startup.VersionLoggerListener log
INFO: Command line argument: -Djava.endorsed.dirs=c:\git\HeadFirstServletsAndJsp\apache-tomcat-7.0.67\endorsed
Aug 21, 2016 7:16:42 PM org.apache.catalina.startup.VersionLoggerListener log
INFO: Command line argument: -Dcatalina.base=c:\git\HeadFirstServletsAndJsp\apache-tomcat-7.0.67
Aug 21, 2016 7:16:42 PM org.apache.catalina.startup.VersionLoggerListener log
INFO: Command line argument: -Dcatalina.home=c:\git\HeadFirstServletsAndJsp\apache-tomcat-7.0.67
Aug 21, 2016 7:16:42 PM org.apache.catalina.startup.VersionLoggerListener log
INFO: Command line argument: -Djava.io.tmpdir=c:\git\HeadFirstServletsAndJsp\apache-tomcat-7.0.67\temp
Aug 21, 2016 7:16:42 PM org.apache.catalina.core.AprLifecycleListener lifecycleEvent
INFO: Loaded APR based Apache Tomcat Native library 1.1.33 using APR version 1.5.1.
Aug 21, 2016 7:16:42 PM org.apache.catalina.core.AprLifecycleListener lifecycleEvent
INFO: APR capabilities: IPv6 [true], sendfile [true], accept filters [false], random [true].
Aug 21, 2016 7:16:43 PM org.apache.catalina.core.AprLifecycleListener initializeSSL
INFO: OpenSSL successfully initialized (OpenSSL 1.0.1m 19 Mar 2015)
Aug 21, 2016 7:16:43 PM org.apache.coyote.AbstractProtocol init
INFO: Initializing ProtocolHandler ["http-apr-8080"]
Aug 21, 2016 7:16:43 PM org.apache.coyote.AbstractProtocol init
INFO: Initializing ProtocolHandler ["ajp-apr-8009"]
Aug 21, 2016 7:16:43 PM org.apache.catalina.startup.Catalina load
INFO: Initialization processed in 1583 ms
Aug 21, 2016 7:16:43 PM org.apache.catalina.core.StandardService startInternal
INFO: Starting service Catalina
Aug 21, 2016 7:16:43 PM org.apache.catalina.core.StandardEngine startInternal
INFO: Starting Servlet Engine: Apache Tomcat/7.0.67
Aug 21, 2016 7:16:43 PM org.apache.catalina.startup.HostConfig deployDirectory
INFO: Deploying web application directory C:\git\HeadFirstServletsAndJsp\apache-tomcat-7.0.67\webapps\Beer-v1
Aug 21, 2016 7:16:44 PM org.apache.catalina.util.SessionIdGeneratorBase createSecureRandom
INFO: Creation of SecureRandom instance for session ID generation using [SHA1PRNG] took [182] milliseconds.
Aug 21, 2016 7:16:44 PM org.apache.catalina.startup.HostConfig deployDirectory
INFO: Deployment of web application directory C:\git\HeadFirstServletsAndJsp\apache-tomcat-7.0.67\webapps\Beer-v1 has finished in 668 ms
Aug 21, 2016 7:16:44 PM org.apache.catalina.startup.HostConfig deployDirectory
INFO: Deploying web application directory C:\git\HeadFirstServletsAndJsp\apache-tomcat-7.0.67\webapps\ch1
Aug 21, 2016 7:16:44 PM org.apache.catalina.startup.HostConfig deployDirectory
INFO: Deployment of web application directory C:\git\HeadFirstServletsAndJsp\apache-tomcat-7.0.67\webapps\ch1 has finished in 77 ms
Aug 21, 2016 7:16:44 PM org.apache.catalina.startup.HostConfig deployDirectory
INFO: Deploying web application directory C:\git\HeadFirstServletsAndJsp\apache-tomcat-7.0.67\webapps\host-manager
Aug 21, 2016 7:16:44 PM org.apache.catalina.startup.HostConfig deployDirectory
INFO: Deployment of web application directory C:\git\HeadFirstServletsAndJsp\apache-tomcat-7.0.67\webapps\host-manager has finished in 104 ms
Aug 21, 2016 7:16:44 PM org.apache.catalina.startup.HostConfig deployDirectory
INFO: Deploying web application directory C:\git\HeadFirstServletsAndJsp\apache-tomcat-7.0.67\webapps\manager
Aug 21, 2016 7:16:44 PM org.apache.catalina.startup.HostConfig deployDirectory
INFO: Deployment of web application directory C:\git\HeadFirstServletsAndJsp\apache-tomcat-7.0.67\webapps\manager has finished in 126 ms
Aug 21, 2016 7:16:44 PM org.apache.catalina.startup.HostConfig deployDirectory
INFO: Deploying web application directory C:\git\HeadFirstServletsAndJsp\apache-tomcat-7.0.67\webapps\ROOT
Aug 21, 2016 7:16:44 PM org.apache.catalina.startup.HostConfig deployDirectory
INFO: Deployment of web application directory C:\git\HeadFirstServletsAndJsp\apache-tomcat-7.0.67\webapps\ROOT has finished in 56 ms
Aug 21, 2016 7:16:44 PM org.apache.coyote.AbstractProtocol start
INFO: Starting ProtocolHandler ["http-apr-8080"]
Aug 21, 2016 7:16:44 PM org.apache.coyote.AbstractProtocol start
INFO: Starting ProtocolHandler ["ajp-apr-8009"]
Aug 21, 2016 7:16:44 PM org.apache.catalina.startup.Catalina start
INFO: Server startup in 1098 ms
Aug 21, 2016 7:21:19 PM org.apache.coyote.AbstractProtocol pause
INFO: Pausing ProtocolHandler ["http-apr-8080"]
Aug 21, 2016 7:21:19 PM org.apache.coyote.AbstractProtocol pause
INFO: Pausing ProtocolHandler ["ajp-apr-8009"]
Aug 21, 2016 7:21:19 PM org.apache.catalina.core.StandardService stopInternal
INFO: Stopping service Catalina
Aug 21, 2016 7:21:19 PM org.apache.coyote.AbstractProtocol stop
INFO: Stopping ProtocolHandler ["http-apr-8080"]
Aug 21, 2016 7:21:19 PM org.apache.coyote.AbstractProtocol stop
INFO: Stopping ProtocolHandler ["ajp-apr-8009"]
Aug 21, 2016 7:21:19 PM org.apache.coyote.AbstractProtocol destroy
INFO: Destroying ProtocolHandler ["http-apr-8080"]
Aug 21, 2016 7:21:19 PM org.apache.coyote.AbstractProtocol destroy
INFO: Destroying ProtocolHandler ["ajp-apr-8009"]
Aug 21, 2016 7:21:23 PM org.apache.catalina.startup.Catalina initDirs
SEVERE: Cannot find specified temporary folder at c:\git\HeadFirstServletsAndJsp\apache-tomcat-7.0.67\temp
Aug 21, 2016 7:21:24 PM org.apache.catalina.startup.VersionLoggerListener log
INFO: Server version:        Apache Tomcat/7.0.67
Aug 21, 2016 7:21:24 PM org.apache.catalina.startup.VersionLoggerListener log
INFO: Server built:          Dec 7 2015 13:07:11 UTC
Aug 21, 2016 7:21:24 PM org.apache.catalina.startup.VersionLoggerListener log
INFO: Server number:         7.0.67.0
Aug 21, 2016 7:21:24 PM org.apache.catalina.startup.VersionLoggerListener log
INFO: OS Name:               Windows 7
Aug 21, 2016 7:21:24 PM org.apache.catalina.startup.VersionLoggerListener log
INFO: OS Version:            6.1
Aug 21, 2016 7:21:24 PM org.apache.catalina.startup.VersionLoggerListener log
INFO: Architecture:          amd64
Aug 21, 2016 7:21:24 PM org.apache.catalina.startup.VersionLoggerListener log
INFO: Java Home:             C:\Program Files\Java\jdk1.8.0_91\jre
Aug 21, 2016 7:21:24 PM org.apache.catalina.startup.VersionLoggerListener log
INFO: JVM Version:           1.8.0_91-b14
Aug 21, 2016 7:21:24 PM org.apache.catalina.startup.VersionLoggerListener log
INFO: JVM Vendor:            Oracle Corporation
Aug 21, 2016 7:21:24 PM org.apache.catalina.startup.VersionLoggerListener log
INFO: CATALINA_BASE:         c:\git\HeadFirstServletsAndJsp\apache-tomcat-7.0.67
Aug 21, 2016 7:21:24 PM org.apache.catalina.startup.VersionLoggerListener log
INFO: CATALINA_HOME:         c:\git\HeadFirstServletsAndJsp\apache-tomcat-7.0.67
Aug 21, 2016 7:21:24 PM org.apache.catalina.startup.VersionLoggerListener log
INFO: Command line argument: -Djava.util.logging.config.file=c:\git\HeadFirstServletsAndJsp\apache-tomcat-7.0.67\conf\logging.properties
Aug 21, 2016 7:21:24 PM org.apache.catalina.startup.VersionLoggerListener log
INFO: Command line argument: -Djava.util.logging.manager=org.apache.juli.ClassLoaderLogManager
Aug 21, 2016 7:21:24 PM org.apache.catalina.startup.VersionLoggerListener log
INFO: Command line argument: -Djava.endorsed.dirs=c:\git\HeadFirstServletsAndJsp\apache-tomcat-7.0.67\endorsed
Aug 21, 2016 7:21:24 PM org.apache.catalina.startup.VersionLoggerListener log
INFO: Command line argument: -Dcatalina.base=c:\git\HeadFirstServletsAndJsp\apache-tomcat-7.0.67
Aug 21, 2016 7:21:24 PM org.apache.catalina.startup.VersionLoggerListener log
INFO: Command line argument: -Dcatalina.home=c:\git\HeadFirstServletsAndJsp\apache-tomcat-7.0.67
Aug 21, 2016 7:21:24 PM org.apache.catalina.startup.VersionLoggerListener log
INFO: Command line argument: -Djava.io.tmpdir=c:\git\HeadFirstServletsAndJsp\apache-tomcat-7.0.67\temp
Aug 21, 2016 7:21:24 PM org.apache.catalina.core.AprLifecycleListener lifecycleEvent
INFO: Loaded APR based Apache Tomcat Native library 1.1.33 using APR version 1.5.1.
Aug 21, 2016 7:21:24 PM org.apache.catalina.core.AprLifecycleListener lifecycleEvent
INFO: APR capabilities: IPv6 [true], sendfile [true], accept filters [false], random [true].
Aug 21, 2016 7:21:24 PM org.apache.catalina.core.AprLifecycleListener initializeSSL
INFO: OpenSSL successfully initialized (OpenSSL 1.0.1m 19 Mar 2015)
Aug 21, 2016 7:21:25 PM org.apache.coyote.AbstractProtocol init
INFO: Initializing ProtocolHandler ["http-apr-8080"]
Aug 21, 2016 7:21:25 PM org.apache.coyote.AbstractProtocol init
INFO: Initializing ProtocolHandler ["ajp-apr-8009"]
Aug 21, 2016 7:21:25 PM org.apache.catalina.startup.Catalina load
INFO: Initialization processed in 1533 ms
Aug 21, 2016 7:21:25 PM org.apache.catalina.core.StandardService startInternal
INFO: Starting service Catalina
Aug 21, 2016 7:21:25 PM org.apache.catalina.core.StandardEngine startInternal
INFO: Starting Servlet Engine: Apache Tomcat/7.0.67
Aug 21, 2016 7:21:25 PM org.apache.catalina.startup.HostConfig deployDirectory
INFO: Deploying web application directory C:\git\HeadFirstServletsAndJsp\apache-tomcat-7.0.67\webapps\Beer-v1
Aug 21, 2016 7:21:25 PM org.apache.catalina.util.SessionIdGeneratorBase createSecureRandom
INFO: Creation of SecureRandom instance for session ID generation using [SHA1PRNG] took [160] milliseconds.
Aug 21, 2016 7:21:25 PM org.apache.catalina.startup.HostConfig deployDirectory
INFO: Deployment of web application directory C:\git\HeadFirstServletsAndJsp\apache-tomcat-7.0.67\webapps\Beer-v1 has finished in 686 ms
Aug 21, 2016 7:21:25 PM org.apache.catalina.startup.HostConfig deployDirectory
INFO: Deploying web application directory C:\git\HeadFirstServletsAndJsp\apache-tomcat-7.0.67\webapps\ch1
Aug 21, 2016 7:21:25 PM org.apache.catalina.startup.HostConfig deployDirectory
INFO: Deployment of web application directory C:\git\HeadFirstServletsAndJsp\apache-tomcat-7.0.67\webapps\ch1 has finished in 81 ms
Aug 21, 2016 7:21:25 PM org.apache.catalina.startup.HostConfig deployDirectory
INFO: Deploying web application directory C:\git\HeadFirstServletsAndJsp\apache-tomcat-7.0.67\webapps\host-manager
Aug 21, 2016 7:21:25 PM org.apache.catalina.startup.HostConfig deployDirectory
INFO: Deployment of web application directory C:\git\HeadFirstServletsAndJsp\apache-tomcat-7.0.67\webapps\host-manager has finished in 80 ms
Aug 21, 2016 7:21:25 PM org.apache.catalina.startup.HostConfig deployDirectory
INFO: Deploying web application directory C:\git\HeadFirstServletsAndJsp\apache-tomcat-7.0.67\webapps\manager
Aug 21, 2016 7:21:26 PM org.apache.catalina.startup.HostConfig deployDirectory
INFO: Deployment of web application directory C:\git\HeadFirstServletsAndJsp\apache-tomcat-7.0.67\webapps\manager has finished in 96 ms
Aug 21, 2016 7:21:26 PM org.apache.catalina.startup.HostConfig deployDirectory
INFO: Deploying web application directory C:\git\HeadFirstServletsAndJsp\apache-tomcat-7.0.67\webapps\ROOT
Aug 21, 2016 7:21:26 PM org.apache.catalina.startup.HostConfig deployDirectory
INFO: Deployment of web application directory C:\git\HeadFirstServletsAndJsp\apache-tomcat-7.0.67\webapps\ROOT has finished in 55 ms
Aug 21, 2016 7:21:26 PM org.apache.coyote.AbstractProtocol start
INFO: Starting ProtocolHandler ["http-apr-8080"]
Aug 21, 2016 7:21:26 PM org.apache.coyote.AbstractProtocol start
INFO: Starting ProtocolHandler ["ajp-apr-8009"]
Aug 21, 2016 7:21:26 PM org.apache.catalina.startup.Catalina start
INFO: Server startup in 1058 ms
Aug 21, 2016 7:27:53 PM org.apache.coyote.AbstractProtocol pause
INFO: Pausing ProtocolHandler ["http-apr-8080"]
Aug 21, 2016 7:27:53 PM org.apache.coyote.AbstractProtocol pause
INFO: Pausing ProtocolHandler ["ajp-apr-8009"]
Aug 21, 2016 7:27:53 PM org.apache.catalina.core.StandardService stopInternal
INFO: Stopping service Catalina
Aug 21, 2016 7:27:53 PM org.apache.coyote.AbstractProtocol stop
INFO: Stopping ProtocolHandler ["http-apr-8080"]
Aug 21, 2016 7:27:53 PM org.apache.coyote.AbstractProtocol stop
INFO: Stopping ProtocolHandler ["ajp-apr-8009"]
Aug 21, 2016 7:27:53 PM org.apache.coyote.AbstractProtocol destroy
INFO: Destroying ProtocolHandler ["http-apr-8080"]
Aug 21, 2016 7:27:53 PM org.apache.coyote.AbstractProtocol destroy
INFO: Destroying ProtocolHandler ["ajp-apr-8009"]
