Aug 09, 2016 10:43:39 PM org.apache.catalina.startup.Catalina initDirs
SEVERE: Cannot find specified temporary folder at c:\git\HeadFirstServletsAndJsp\apache-tomcat-7.0.67\temp
Aug 09, 2016 10:43:40 PM org.apache.catalina.startup.VersionLoggerListener log
INFO: Server version:        Apache Tomcat/7.0.67
Aug 09, 2016 10:43:40 PM org.apache.catalina.startup.VersionLoggerListener log
INFO: Server built:          Dec 7 2015 13:07:11 UTC
Aug 09, 2016 10:43:40 PM org.apache.catalina.startup.VersionLoggerListener log
INFO: Server number:         7.0.67.0
Aug 09, 2016 10:43:40 PM org.apache.catalina.startup.VersionLoggerListener log
INFO: OS Name:               Windows 7
Aug 09, 2016 10:43:40 PM org.apache.catalina.startup.VersionLoggerListener log
INFO: OS Version:            6.1
Aug 09, 2016 10:43:40 PM org.apache.catalina.startup.VersionLoggerListener log
INFO: Architecture:          amd64
Aug 09, 2016 10:43:40 PM org.apache.catalina.startup.VersionLoggerListener log
INFO: Java Home:             C:\Program Files\Java\jdk1.8.0_91\jre
Aug 09, 2016 10:43:40 PM org.apache.catalina.startup.VersionLoggerListener log
INFO: JVM Version:           1.8.0_91-b14
Aug 09, 2016 10:43:40 PM org.apache.catalina.startup.VersionLoggerListener log
INFO: JVM Vendor:            Oracle Corporation
Aug 09, 2016 10:43:40 PM org.apache.catalina.startup.VersionLoggerListener log
INFO: CATALINA_BASE:         c:\git\HeadFirstServletsAndJsp\apache-tomcat-7.0.67
Aug 09, 2016 10:43:40 PM org.apache.catalina.startup.VersionLoggerListener log
INFO: CATALINA_HOME:         c:\git\HeadFirstServletsAndJsp\apache-tomcat-7.0.67
Aug 09, 2016 10:43:40 PM org.apache.catalina.startup.VersionLoggerListener log
INFO: Command line argument: -Djava.util.logging.config.file=c:\git\HeadFirstServletsAndJsp\apache-tomcat-7.0.67\conf\logging.properties
Aug 09, 2016 10:43:40 PM org.apache.catalina.startup.VersionLoggerListener log
INFO: Command line argument: -Djava.util.logging.manager=org.apache.juli.ClassLoaderLogManager
Aug 09, 2016 10:43:40 PM org.apache.catalina.startup.VersionLoggerListener log
INFO: Command line argument: -Djava.endorsed.dirs=c:\git\HeadFirstServletsAndJsp\apache-tomcat-7.0.67\endorsed
Aug 09, 2016 10:43:40 PM org.apache.catalina.startup.VersionLoggerListener log
INFO: Command line argument: -Dcatalina.base=c:\git\HeadFirstServletsAndJsp\apache-tomcat-7.0.67
Aug 09, 2016 10:43:40 PM org.apache.catalina.startup.VersionLoggerListener log
INFO: Command line argument: -Dcatalina.home=c:\git\HeadFirstServletsAndJsp\apache-tomcat-7.0.67
Aug 09, 2016 10:43:40 PM org.apache.catalina.startup.VersionLoggerListener log
INFO: Command line argument: -Djava.io.tmpdir=c:\git\HeadFirstServletsAndJsp\apache-tomcat-7.0.67\temp
Aug 09, 2016 10:43:40 PM org.apache.catalina.core.AprLifecycleListener lifecycleEvent
INFO: Loaded APR based Apache Tomcat Native library 1.1.33 using APR version 1.5.1.
Aug 09, 2016 10:43:40 PM org.apache.catalina.core.AprLifecycleListener lifecycleEvent
INFO: APR capabilities: IPv6 [true], sendfile [true], accept filters [false], random [true].
Aug 09, 2016 10:43:41 PM org.apache.catalina.core.AprLifecycleListener initializeSSL
INFO: OpenSSL successfully initialized (OpenSSL 1.0.1m 19 Mar 2015)
Aug 09, 2016 10:43:41 PM org.apache.coyote.AbstractProtocol init
INFO: Initializing ProtocolHandler ["http-apr-8080"]
Aug 09, 2016 10:43:41 PM org.apache.coyote.AbstractProtocol init
INFO: Initializing ProtocolHandler ["ajp-apr-8009"]
Aug 09, 2016 10:43:41 PM org.apache.catalina.startup.Catalina load
INFO: Initialization processed in 1538 ms
Aug 09, 2016 10:43:41 PM org.apache.catalina.core.StandardService startInternal
INFO: Starting service Catalina
Aug 09, 2016 10:43:41 PM org.apache.catalina.core.StandardEngine startInternal
INFO: Starting Servlet Engine: Apache Tomcat/7.0.67
Aug 09, 2016 10:43:41 PM org.apache.catalina.startup.HostConfig deployDirectory
INFO: Deploying web application directory C:\git\HeadFirstServletsAndJsp\apache-tomcat-7.0.67\webapps\Beer-v1
Aug 09, 2016 10:43:41 PM org.apache.tomcat.util.digester.Digester fatalError
SEVERE: Parse Fatal Error at line 1 column 1: Premature end of file.
org.xml.sax.SAXParseException; systemId: jndi:/localhost/Beer-v1/WEB-INF/web.xml; lineNumber: 1; columnNumber: 1; Premature end of file.
	at com.sun.org.apache.xerces.internal.util.ErrorHandlerWrapper.createSAXParseException(ErrorHandlerWrapper.java:203)
	at com.sun.org.apache.xerces.internal.util.ErrorHandlerWrapper.fatalError(ErrorHandlerWrapper.java:177)
	at com.sun.org.apache.xerces.internal.impl.XMLErrorReporter.reportError(XMLErrorReporter.java:400)
	at com.sun.org.apache.xerces.internal.impl.XMLErrorReporter.reportError(XMLErrorReporter.java:327)
	at com.sun.org.apache.xerces.internal.impl.XMLScanner.reportFatalError(XMLScanner.java:1438)
	at com.sun.org.apache.xerces.internal.impl.XMLDocumentScannerImpl$PrologDriver.next(XMLDocumentScannerImpl.java:1019)
	at com.sun.org.apache.xerces.internal.impl.XMLDocumentScannerImpl.next(XMLDocumentScannerImpl.java:606)
	at com.sun.org.apache.xerces.internal.impl.XMLDocumentFragmentScannerImpl.scanDocument(XMLDocumentFragmentScannerImpl.java:510)
	at com.sun.org.apache.xerces.internal.parsers.XML11Configuration.parse(XML11Configuration.java:848)
	at com.sun.org.apache.xerces.internal.parsers.XML11Configuration.parse(XML11Configuration.java:777)
	at com.sun.org.apache.xerces.internal.parsers.XMLParser.parse(XMLParser.java:141)
	at com.sun.org.apache.xerces.internal.parsers.AbstractSAXParser.parse(AbstractSAXParser.java:1213)
	at com.sun.org.apache.xerces.internal.jaxp.SAXParserImpl$JAXPSAXParser.parse(SAXParserImpl.java:643)
	at org.apache.tomcat.util.digester.Digester.parse(Digester.java:1555)
	at org.apache.catalina.startup.ContextConfig.parseWebXml(ContextConfig.java:1858)
	at org.apache.catalina.startup.ContextConfig.webConfig(ContextConfig.java:1263)
	at org.apache.catalina.startup.ContextConfig.configureStart(ContextConfig.java:889)
	at org.apache.catalina.startup.ContextConfig.lifecycleEvent(ContextConfig.java:386)
	at org.apache.catalina.util.LifecycleSupport.fireLifecycleEvent(LifecycleSupport.java:117)
	at org.apache.catalina.util.LifecycleBase.fireLifecycleEvent(LifecycleBase.java:90)
	at org.apache.catalina.core.StandardContext.startInternal(StandardContext.java:5479)
	at org.apache.catalina.util.LifecycleBase.start(LifecycleBase.java:150)
	at org.apache.catalina.core.ContainerBase.addChildInternal(ContainerBase.java:901)
	at org.apache.catalina.core.ContainerBase.addChild(ContainerBase.java:877)
	at org.apache.catalina.core.StandardHost.addChild(StandardHost.java:652)
	at org.apache.catalina.startup.HostConfig.deployDirectory(HostConfig.java:1263)
	at org.apache.catalina.startup.HostConfig$DeployDirectory.run(HostConfig.java:1975)
	at java.util.concurrent.Executors$RunnableAdapter.call(Executors.java:511)
	at java.util.concurrent.FutureTask.run(FutureTask.java:266)
	at java.util.concurrent.ThreadPoolExecutor.runWorker(ThreadPoolExecutor.java:1142)
	at java.util.concurrent.ThreadPoolExecutor$Worker.run(ThreadPoolExecutor.java:617)
	at java.lang.Thread.run(Thread.java:745)

Aug 09, 2016 10:43:41 PM org.apache.catalina.startup.ContextConfig parseWebXml
SEVERE: Parse error in application web.xml file at jndi:/localhost/Beer-v1/WEB-INF/web.xml
org.xml.sax.SAXParseException; systemId: jndi:/localhost/Beer-v1/WEB-INF/web.xml; lineNumber: 1; columnNumber: 1; Premature end of file.
	at com.sun.org.apache.xerces.internal.util.ErrorHandlerWrapper.createSAXParseException(ErrorHandlerWrapper.java:203)
	at com.sun.org.apache.xerces.internal.util.ErrorHandlerWrapper.fatalError(ErrorHandlerWrapper.java:177)
	at com.sun.org.apache.xerces.internal.impl.XMLErrorReporter.reportError(XMLErrorReporter.java:400)
	at com.sun.org.apache.xerces.internal.impl.XMLErrorReporter.reportError(XMLErrorReporter.java:327)
	at com.sun.org.apache.xerces.internal.impl.XMLScanner.reportFatalError(XMLScanner.java:1438)
	at com.sun.org.apache.xerces.internal.impl.XMLDocumentScannerImpl$PrologDriver.next(XMLDocumentScannerImpl.java:1019)
	at com.sun.org.apache.xerces.internal.impl.XMLDocumentScannerImpl.next(XMLDocumentScannerImpl.java:606)
	at com.sun.org.apache.xerces.internal.impl.XMLDocumentFragmentScannerImpl.scanDocument(XMLDocumentFragmentScannerImpl.java:510)
	at com.sun.org.apache.xerces.internal.parsers.XML11Configuration.parse(XML11Configuration.java:848)
	at com.sun.org.apache.xerces.internal.parsers.XML11Configuration.parse(XML11Configuration.java:777)
	at com.sun.org.apache.xerces.internal.parsers.XMLParser.parse(XMLParser.java:141)
	at com.sun.org.apache.xerces.internal.parsers.AbstractSAXParser.parse(AbstractSAXParser.java:1213)
	at com.sun.org.apache.xerces.internal.jaxp.SAXParserImpl$JAXPSAXParser.parse(SAXParserImpl.java:643)
	at org.apache.tomcat.util.digester.Digester.parse(Digester.java:1555)
	at org.apache.catalina.startup.ContextConfig.parseWebXml(ContextConfig.java:1858)
	at org.apache.catalina.startup.ContextConfig.webConfig(ContextConfig.java:1263)
	at org.apache.catalina.startup.ContextConfig.configureStart(ContextConfig.java:889)
	at org.apache.catalina.startup.ContextConfig.lifecycleEvent(ContextConfig.java:386)
	at org.apache.catalina.util.LifecycleSupport.fireLifecycleEvent(LifecycleSupport.java:117)
	at org.apache.catalina.util.LifecycleBase.fireLifecycleEvent(LifecycleBase.java:90)
	at org.apache.catalina.core.StandardContext.startInternal(StandardContext.java:5479)
	at org.apache.catalina.util.LifecycleBase.start(LifecycleBase.java:150)
	at org.apache.catalina.core.ContainerBase.addChildInternal(ContainerBase.java:901)
	at org.apache.catalina.core.ContainerBase.addChild(ContainerBase.java:877)
	at org.apache.catalina.core.StandardHost.addChild(StandardHost.java:652)
	at org.apache.catalina.startup.HostConfig.deployDirectory(HostConfig.java:1263)
	at org.apache.catalina.startup.HostConfig$DeployDirectory.run(HostConfig.java:1975)
	at java.util.concurrent.Executors$RunnableAdapter.call(Executors.java:511)
	at java.util.concurrent.FutureTask.run(FutureTask.java:266)
	at java.util.concurrent.ThreadPoolExecutor.runWorker(ThreadPoolExecutor.java:1142)
	at java.util.concurrent.ThreadPoolExecutor$Worker.run(ThreadPoolExecutor.java:617)
	at java.lang.Thread.run(Thread.java:745)

Aug 09, 2016 10:43:41 PM org.apache.catalina.startup.ContextConfig parseWebXml
SEVERE: Occurred at line 1 column 1
Aug 09, 2016 10:43:41 PM org.apache.catalina.startup.ContextConfig configureStart
SEVERE: Marking this application unavailable due to previous error(s)
Aug 09, 2016 10:43:41 PM org.apache.catalina.core.StandardContext startInternal
SEVERE: One or more components marked the context as not correctly configured
Aug 09, 2016 10:43:42 PM org.apache.catalina.util.SessionIdGeneratorBase createSecureRandom
INFO: Creation of SecureRandom instance for session ID generation using [SHA1PRNG] took [218] milliseconds.
Aug 09, 2016 10:43:42 PM org.apache.catalina.core.StandardContext startInternal
SEVERE: Context [/Beer-v1] startup failed due to previous errors
Aug 09, 2016 10:43:42 PM org.apache.catalina.startup.HostConfig deployDirectory
INFO: Deployment of web application directory C:\git\HeadFirstServletsAndJsp\apache-tomcat-7.0.67\webapps\Beer-v1 has finished in 610 ms
Aug 09, 2016 10:43:42 PM org.apache.catalina.startup.HostConfig deployDirectory
INFO: Deploying web application directory C:\git\HeadFirstServletsAndJsp\apache-tomcat-7.0.67\webapps\ch1
Aug 09, 2016 10:43:42 PM org.apache.catalina.startup.HostConfig deployDirectory
INFO: Deployment of web application directory C:\git\HeadFirstServletsAndJsp\apache-tomcat-7.0.67\webapps\ch1 has finished in 168 ms
Aug 09, 2016 10:43:42 PM org.apache.catalina.startup.HostConfig deployDirectory
INFO: Deploying web application directory C:\git\HeadFirstServletsAndJsp\apache-tomcat-7.0.67\webapps\host-manager
Aug 09, 2016 10:43:42 PM org.apache.catalina.startup.HostConfig deployDirectory
INFO: Deployment of web application directory C:\git\HeadFirstServletsAndJsp\apache-tomcat-7.0.67\webapps\host-manager has finished in 102 ms
Aug 09, 2016 10:43:42 PM org.apache.catalina.startup.HostConfig deployDirectory
INFO: Deploying web application directory C:\git\HeadFirstServletsAndJsp\apache-tomcat-7.0.67\webapps\manager
Aug 09, 2016 10:43:42 PM org.apache.catalina.startup.HostConfig deployDirectory
INFO: Deployment of web application directory C:\git\HeadFirstServletsAndJsp\apache-tomcat-7.0.67\webapps\manager has finished in 86 ms
Aug 09, 2016 10:43:42 PM org.apache.catalina.startup.HostConfig deployDirectory
INFO: Deploying web application directory C:\git\HeadFirstServletsAndJsp\apache-tomcat-7.0.67\webapps\ROOT
Aug 09, 2016 10:43:42 PM org.apache.catalina.startup.HostConfig deployDirectory
INFO: Deployment of web application directory C:\git\HeadFirstServletsAndJsp\apache-tomcat-7.0.67\webapps\ROOT has finished in 67 ms
Aug 09, 2016 10:43:42 PM org.apache.coyote.AbstractProtocol start
INFO: Starting ProtocolHandler ["http-apr-8080"]
Aug 09, 2016 10:43:42 PM org.apache.coyote.AbstractProtocol start
INFO: Starting ProtocolHandler ["ajp-apr-8009"]
Aug 09, 2016 10:43:42 PM org.apache.catalina.startup.Catalina start
INFO: Server startup in 1088 ms
Aug 09, 2016 10:43:55 PM org.apache.coyote.AbstractProtocol pause
INFO: Pausing ProtocolHandler ["http-apr-8080"]
Aug 09, 2016 10:43:55 PM org.apache.coyote.AbstractProtocol pause
INFO: Pausing ProtocolHandler ["ajp-apr-8009"]
Aug 09, 2016 10:43:55 PM org.apache.catalina.core.StandardService stopInternal
INFO: Stopping service Catalina
Aug 09, 2016 10:43:55 PM org.apache.coyote.AbstractProtocol stop
INFO: Stopping ProtocolHandler ["http-apr-8080"]
Aug 09, 2016 10:43:55 PM org.apache.coyote.AbstractProtocol stop
INFO: Stopping ProtocolHandler ["ajp-apr-8009"]
Aug 09, 2016 10:43:55 PM org.apache.coyote.AbstractProtocol destroy
INFO: Destroying ProtocolHandler ["http-apr-8080"]
Aug 09, 2016 10:43:55 PM org.apache.coyote.AbstractProtocol destroy
INFO: Destroying ProtocolHandler ["ajp-apr-8009"]
Aug 09, 2016 10:44:18 PM org.apache.catalina.startup.Catalina initDirs
SEVERE: Cannot find specified temporary folder at c:\git\HeadFirstServletsAndJsp\apache-tomcat-7.0.67\temp
Aug 09, 2016 10:44:19 PM org.apache.catalina.startup.VersionLoggerListener log
INFO: Server version:        Apache Tomcat/7.0.67
Aug 09, 2016 10:44:19 PM org.apache.catalina.startup.VersionLoggerListener log
INFO: Server built:          Dec 7 2015 13:07:11 UTC
Aug 09, 2016 10:44:19 PM org.apache.catalina.startup.VersionLoggerListener log
INFO: Server number:         7.0.67.0
Aug 09, 2016 10:44:19 PM org.apache.catalina.startup.VersionLoggerListener log
INFO: OS Name:               Windows 7
Aug 09, 2016 10:44:19 PM org.apache.catalina.startup.VersionLoggerListener log
INFO: OS Version:            6.1
Aug 09, 2016 10:44:19 PM org.apache.catalina.startup.VersionLoggerListener log
INFO: Architecture:          amd64
Aug 09, 2016 10:44:19 PM org.apache.catalina.startup.VersionLoggerListener log
INFO: Java Home:             C:\Program Files\Java\jdk1.8.0_91\jre
Aug 09, 2016 10:44:19 PM org.apache.catalina.startup.VersionLoggerListener log
INFO: JVM Version:           1.8.0_91-b14
Aug 09, 2016 10:44:19 PM org.apache.catalina.startup.VersionLoggerListener log
INFO: JVM Vendor:            Oracle Corporation
Aug 09, 2016 10:44:19 PM org.apache.catalina.startup.VersionLoggerListener log
INFO: CATALINA_BASE:         c:\git\HeadFirstServletsAndJsp\apache-tomcat-7.0.67
Aug 09, 2016 10:44:19 PM org.apache.catalina.startup.VersionLoggerListener log
INFO: CATALINA_HOME:         c:\git\HeadFirstServletsAndJsp\apache-tomcat-7.0.67
Aug 09, 2016 10:44:19 PM org.apache.catalina.startup.VersionLoggerListener log
INFO: Command line argument: -Djava.util.logging.config.file=c:\git\HeadFirstServletsAndJsp\apache-tomcat-7.0.67\conf\logging.properties
Aug 09, 2016 10:44:19 PM org.apache.catalina.startup.VersionLoggerListener log
INFO: Command line argument: -Djava.util.logging.manager=org.apache.juli.ClassLoaderLogManager
Aug 09, 2016 10:44:19 PM org.apache.catalina.startup.VersionLoggerListener log
INFO: Command line argument: -Djava.endorsed.dirs=c:\git\HeadFirstServletsAndJsp\apache-tomcat-7.0.67\endorsed
Aug 09, 2016 10:44:19 PM org.apache.catalina.startup.VersionLoggerListener log
INFO: Command line argument: -Dcatalina.base=c:\git\HeadFirstServletsAndJsp\apache-tomcat-7.0.67
Aug 09, 2016 10:44:19 PM org.apache.catalina.startup.VersionLoggerListener log
INFO: Command line argument: -Dcatalina.home=c:\git\HeadFirstServletsAndJsp\apache-tomcat-7.0.67
Aug 09, 2016 10:44:19 PM org.apache.catalina.startup.VersionLoggerListener log
INFO: Command line argument: -Djava.io.tmpdir=c:\git\HeadFirstServletsAndJsp\apache-tomcat-7.0.67\temp
Aug 09, 2016 10:44:19 PM org.apache.catalina.core.AprLifecycleListener lifecycleEvent
INFO: Loaded APR based Apache Tomcat Native library 1.1.33 using APR version 1.5.1.
Aug 09, 2016 10:44:19 PM org.apache.catalina.core.AprLifecycleListener lifecycleEvent
INFO: APR capabilities: IPv6 [true], sendfile [true], accept filters [false], random [true].
Aug 09, 2016 10:44:20 PM org.apache.catalina.core.AprLifecycleListener initializeSSL
INFO: OpenSSL successfully initialized (OpenSSL 1.0.1m 19 Mar 2015)
Aug 09, 2016 10:44:20 PM org.apache.coyote.AbstractProtocol init
INFO: Initializing ProtocolHandler ["http-apr-8080"]
Aug 09, 2016 10:44:20 PM org.apache.coyote.AbstractProtocol init
INFO: Initializing ProtocolHandler ["ajp-apr-8009"]
Aug 09, 2016 10:44:20 PM org.apache.catalina.startup.Catalina load
INFO: Initialization processed in 1577 ms
Aug 09, 2016 10:44:20 PM org.apache.catalina.core.StandardService startInternal
INFO: Starting service Catalina
Aug 09, 2016 10:44:20 PM org.apache.catalina.core.StandardEngine startInternal
INFO: Starting Servlet Engine: Apache Tomcat/7.0.67
Aug 09, 2016 10:44:20 PM org.apache.catalina.startup.HostConfig deployDirectory
INFO: Deploying web application directory C:\git\HeadFirstServletsAndJsp\apache-tomcat-7.0.67\webapps\Beer-v1
Aug 09, 2016 10:44:20 PM org.apache.catalina.util.SessionIdGeneratorBase createSecureRandom
INFO: Creation of SecureRandom instance for session ID generation using [SHA1PRNG] took [194] milliseconds.
Aug 09, 2016 10:44:20 PM org.apache.catalina.startup.HostConfig deployDirectory
INFO: Deployment of web application directory C:\git\HeadFirstServletsAndJsp\apache-tomcat-7.0.67\webapps\Beer-v1 has finished in 604 ms
Aug 09, 2016 10:44:20 PM org.apache.catalina.startup.HostConfig deployDirectory
INFO: Deploying web application directory C:\git\HeadFirstServletsAndJsp\apache-tomcat-7.0.67\webapps\ch1
Aug 09, 2016 10:44:21 PM org.apache.catalina.startup.HostConfig deployDirectory
INFO: Deployment of web application directory C:\git\HeadFirstServletsAndJsp\apache-tomcat-7.0.67\webapps\ch1 has finished in 80 ms
Aug 09, 2016 10:44:21 PM org.apache.catalina.startup.HostConfig deployDirectory
INFO: Deploying web application directory C:\git\HeadFirstServletsAndJsp\apache-tomcat-7.0.67\webapps\host-manager
Aug 09, 2016 10:44:21 PM org.apache.catalina.startup.HostConfig deployDirectory
INFO: Deployment of web application directory C:\git\HeadFirstServletsAndJsp\apache-tomcat-7.0.67\webapps\host-manager has finished in 95 ms
Aug 09, 2016 10:44:21 PM org.apache.catalina.startup.HostConfig deployDirectory
INFO: Deploying web application directory C:\git\HeadFirstServletsAndJsp\apache-tomcat-7.0.67\webapps\manager
Aug 09, 2016 10:44:21 PM org.apache.catalina.startup.HostConfig deployDirectory
INFO: Deployment of web application directory C:\git\HeadFirstServletsAndJsp\apache-tomcat-7.0.67\webapps\manager has finished in 125 ms
Aug 09, 2016 10:44:21 PM org.apache.catalina.startup.HostConfig deployDirectory
INFO: Deploying web application directory C:\git\HeadFirstServletsAndJsp\apache-tomcat-7.0.67\webapps\ROOT
Aug 09, 2016 10:44:21 PM org.apache.catalina.startup.HostConfig deployDirectory
INFO: Deployment of web application directory C:\git\HeadFirstServletsAndJsp\apache-tomcat-7.0.67\webapps\ROOT has finished in 56 ms
Aug 09, 2016 10:44:21 PM org.apache.coyote.AbstractProtocol start
INFO: Starting ProtocolHandler ["http-apr-8080"]
Aug 09, 2016 10:44:21 PM org.apache.coyote.AbstractProtocol start
INFO: Starting ProtocolHandler ["ajp-apr-8009"]
Aug 09, 2016 10:44:21 PM org.apache.catalina.startup.Catalina start
INFO: Server startup in 1018 ms
Aug 09, 2016 10:44:39 PM org.apache.coyote.AbstractProtocol pause
INFO: Pausing ProtocolHandler ["http-apr-8080"]
Aug 09, 2016 10:44:39 PM org.apache.coyote.AbstractProtocol pause
INFO: Pausing ProtocolHandler ["ajp-apr-8009"]
Aug 09, 2016 10:44:39 PM org.apache.catalina.core.StandardService stopInternal
INFO: Stopping service Catalina
Aug 09, 2016 10:44:39 PM org.apache.coyote.AbstractProtocol stop
INFO: Stopping ProtocolHandler ["http-apr-8080"]
Aug 09, 2016 10:44:39 PM org.apache.coyote.AbstractProtocol stop
INFO: Stopping ProtocolHandler ["ajp-apr-8009"]
Aug 09, 2016 10:44:39 PM org.apache.coyote.AbstractProtocol destroy
INFO: Destroying ProtocolHandler ["http-apr-8080"]
Aug 09, 2016 10:44:39 PM org.apache.coyote.AbstractProtocol destroy
INFO: Destroying ProtocolHandler ["ajp-apr-8009"]
Aug 09, 2016 10:46:24 PM org.apache.catalina.startup.Catalina initDirs
SEVERE: Cannot find specified temporary folder at c:\git\HeadFirstServletsAndJsp\apache-tomcat-7.0.67\temp
Aug 09, 2016 10:46:25 PM org.apache.catalina.startup.VersionLoggerListener log
INFO: Server version:        Apache Tomcat/7.0.67
Aug 09, 2016 10:46:25 PM org.apache.catalina.startup.VersionLoggerListener log
INFO: Server built:          Dec 7 2015 13:07:11 UTC
Aug 09, 2016 10:46:25 PM org.apache.catalina.startup.VersionLoggerListener log
INFO: Server number:         7.0.67.0
Aug 09, 2016 10:46:25 PM org.apache.catalina.startup.VersionLoggerListener log
INFO: OS Name:               Windows 7
Aug 09, 2016 10:46:25 PM org.apache.catalina.startup.VersionLoggerListener log
INFO: OS Version:            6.1
Aug 09, 2016 10:46:25 PM org.apache.catalina.startup.VersionLoggerListener log
INFO: Architecture:          amd64
Aug 09, 2016 10:46:25 PM org.apache.catalina.startup.VersionLoggerListener log
INFO: Java Home:             C:\Program Files\Java\jdk1.8.0_91\jre
Aug 09, 2016 10:46:25 PM org.apache.catalina.startup.VersionLoggerListener log
INFO: JVM Version:           1.8.0_91-b14
Aug 09, 2016 10:46:25 PM org.apache.catalina.startup.VersionLoggerListener log
INFO: JVM Vendor:            Oracle Corporation
Aug 09, 2016 10:46:25 PM org.apache.catalina.startup.VersionLoggerListener log
INFO: CATALINA_BASE:         c:\git\HeadFirstServletsAndJsp\apache-tomcat-7.0.67
Aug 09, 2016 10:46:25 PM org.apache.catalina.startup.VersionLoggerListener log
INFO: CATALINA_HOME:         c:\git\HeadFirstServletsAndJsp\apache-tomcat-7.0.67
Aug 09, 2016 10:46:25 PM org.apache.catalina.startup.VersionLoggerListener log
INFO: Command line argument: -Djava.util.logging.config.file=c:\git\HeadFirstServletsAndJsp\apache-tomcat-7.0.67\conf\logging.properties
Aug 09, 2016 10:46:25 PM org.apache.catalina.startup.VersionLoggerListener log
INFO: Command line argument: -Djava.util.logging.manager=org.apache.juli.ClassLoaderLogManager
Aug 09, 2016 10:46:25 PM org.apache.catalina.startup.VersionLoggerListener log
INFO: Command line argument: -Djava.endorsed.dirs=c:\git\HeadFirstServletsAndJsp\apache-tomcat-7.0.67\endorsed
Aug 09, 2016 10:46:25 PM org.apache.catalina.startup.VersionLoggerListener log
INFO: Command line argument: -Dcatalina.base=c:\git\HeadFirstServletsAndJsp\apache-tomcat-7.0.67
Aug 09, 2016 10:46:25 PM org.apache.catalina.startup.VersionLoggerListener log
INFO: Command line argument: -Dcatalina.home=c:\git\HeadFirstServletsAndJsp\apache-tomcat-7.0.67
Aug 09, 2016 10:46:25 PM org.apache.catalina.startup.VersionLoggerListener log
INFO: Command line argument: -Djava.io.tmpdir=c:\git\HeadFirstServletsAndJsp\apache-tomcat-7.0.67\temp
Aug 09, 2016 10:46:25 PM org.apache.catalina.core.AprLifecycleListener lifecycleEvent
INFO: Loaded APR based Apache Tomcat Native library 1.1.33 using APR version 1.5.1.
Aug 09, 2016 10:46:25 PM org.apache.catalina.core.AprLifecycleListener lifecycleEvent
INFO: APR capabilities: IPv6 [true], sendfile [true], accept filters [false], random [true].
Aug 09, 2016 10:46:25 PM org.apache.catalina.core.AprLifecycleListener initializeSSL
INFO: OpenSSL successfully initialized (OpenSSL 1.0.1m 19 Mar 2015)
Aug 09, 2016 10:46:26 PM org.apache.coyote.AbstractProtocol init
INFO: Initializing ProtocolHandler ["http-apr-8080"]
Aug 09, 2016 10:46:26 PM org.apache.coyote.AbstractProtocol init
INFO: Initializing ProtocolHandler ["ajp-apr-8009"]
Aug 09, 2016 10:46:26 PM org.apache.catalina.startup.Catalina load
INFO: Initialization processed in 1521 ms
Aug 09, 2016 10:46:26 PM org.apache.catalina.core.StandardService startInternal
INFO: Starting service Catalina
Aug 09, 2016 10:46:26 PM org.apache.catalina.core.StandardEngine startInternal
INFO: Starting Servlet Engine: Apache Tomcat/7.0.67
Aug 09, 2016 10:46:26 PM org.apache.catalina.startup.HostConfig deployDirectory
INFO: Deploying web application directory C:\git\HeadFirstServletsAndJsp\apache-tomcat-7.0.67\webapps\Beer-v1
Aug 09, 2016 10:46:26 PM org.apache.catalina.util.SessionIdGeneratorBase createSecureRandom
INFO: Creation of SecureRandom instance for session ID generation using [SHA1PRNG] took [168] milliseconds.
Aug 09, 2016 10:46:26 PM org.apache.catalina.startup.HostConfig deployDirectory
INFO: Deployment of web application directory C:\git\HeadFirstServletsAndJsp\apache-tomcat-7.0.67\webapps\Beer-v1 has finished in 581 ms
Aug 09, 2016 10:46:26 PM org.apache.catalina.startup.HostConfig deployDirectory
INFO: Deploying web application directory C:\git\HeadFirstServletsAndJsp\apache-tomcat-7.0.67\webapps\ch1
Aug 09, 2016 10:46:26 PM org.apache.catalina.startup.HostConfig deployDirectory
INFO: Deployment of web application directory C:\git\HeadFirstServletsAndJsp\apache-tomcat-7.0.67\webapps\ch1 has finished in 81 ms
Aug 09, 2016 10:46:26 PM org.apache.catalina.startup.HostConfig deployDirectory
INFO: Deploying web application directory C:\git\HeadFirstServletsAndJsp\apache-tomcat-7.0.67\webapps\host-manager
Aug 09, 2016 10:46:26 PM org.apache.catalina.startup.HostConfig deployDirectory
INFO: Deployment of web application directory C:\git\HeadFirstServletsAndJsp\apache-tomcat-7.0.67\webapps\host-manager has finished in 75 ms
Aug 09, 2016 10:46:26 PM org.apache.catalina.startup.HostConfig deployDirectory
INFO: Deploying web application directory C:\git\HeadFirstServletsAndJsp\apache-tomcat-7.0.67\webapps\manager
Aug 09, 2016 10:46:26 PM org.apache.catalina.startup.HostConfig deployDirectory
INFO: Deployment of web application directory C:\git\HeadFirstServletsAndJsp\apache-tomcat-7.0.67\webapps\manager has finished in 89 ms
Aug 09, 2016 10:46:26 PM org.apache.catalina.startup.HostConfig deployDirectory
INFO: Deploying web application directory C:\git\HeadFirstServletsAndJsp\apache-tomcat-7.0.67\webapps\ROOT
Aug 09, 2016 10:46:26 PM org.apache.catalina.startup.HostConfig deployDirectory
INFO: Deployment of web application directory C:\git\HeadFirstServletsAndJsp\apache-tomcat-7.0.67\webapps\ROOT has finished in 59 ms
Aug 09, 2016 10:46:26 PM org.apache.coyote.AbstractProtocol start
INFO: Starting ProtocolHandler ["http-apr-8080"]
Aug 09, 2016 10:46:26 PM org.apache.coyote.AbstractProtocol start
INFO: Starting ProtocolHandler ["ajp-apr-8009"]
Aug 09, 2016 10:46:26 PM org.apache.catalina.startup.Catalina start
INFO: Server startup in 947 ms
Aug 09, 2016 10:48:06 PM org.apache.coyote.AbstractProtocol pause
INFO: Pausing ProtocolHandler ["http-apr-8080"]
Aug 09, 2016 10:48:06 PM org.apache.coyote.AbstractProtocol pause
INFO: Pausing ProtocolHandler ["ajp-apr-8009"]
Aug 09, 2016 10:48:06 PM org.apache.catalina.core.StandardService stopInternal
INFO: Stopping service Catalina
Aug 09, 2016 10:48:06 PM org.apache.coyote.AbstractProtocol stop
INFO: Stopping ProtocolHandler ["http-apr-8080"]
Aug 09, 2016 10:48:06 PM org.apache.coyote.AbstractProtocol stop
INFO: Stopping ProtocolHandler ["ajp-apr-8009"]
Aug 09, 2016 10:48:06 PM org.apache.coyote.AbstractProtocol destroy
INFO: Destroying ProtocolHandler ["http-apr-8080"]
Aug 09, 2016 10:48:06 PM org.apache.coyote.AbstractProtocol destroy
INFO: Destroying ProtocolHandler ["ajp-apr-8009"]
Aug 09, 2016 11:04:07 PM org.apache.catalina.startup.Catalina initDirs
SEVERE: Cannot find specified temporary folder at c:\git\HeadFirstServletsAndJsp\apache-tomcat-7.0.67\temp
Aug 09, 2016 11:04:08 PM org.apache.catalina.startup.VersionLoggerListener log
INFO: Server version:        Apache Tomcat/7.0.67
Aug 09, 2016 11:04:08 PM org.apache.catalina.startup.VersionLoggerListener log
INFO: Server built:          Dec 7 2015 13:07:11 UTC
Aug 09, 2016 11:04:08 PM org.apache.catalina.startup.VersionLoggerListener log
INFO: Server number:         7.0.67.0
Aug 09, 2016 11:04:08 PM org.apache.catalina.startup.VersionLoggerListener log
INFO: OS Name:               Windows 7
Aug 09, 2016 11:04:08 PM org.apache.catalina.startup.VersionLoggerListener log
INFO: OS Version:            6.1
Aug 09, 2016 11:04:08 PM org.apache.catalina.startup.VersionLoggerListener log
INFO: Architecture:          amd64
Aug 09, 2016 11:04:08 PM org.apache.catalina.startup.VersionLoggerListener log
INFO: Java Home:             C:\Program Files\Java\jdk1.8.0_91\jre
Aug 09, 2016 11:04:08 PM org.apache.catalina.startup.VersionLoggerListener log
INFO: JVM Version:           1.8.0_91-b14
Aug 09, 2016 11:04:08 PM org.apache.catalina.startup.VersionLoggerListener log
INFO: JVM Vendor:            Oracle Corporation
Aug 09, 2016 11:04:08 PM org.apache.catalina.startup.VersionLoggerListener log
INFO: CATALINA_BASE:         c:\git\HeadFirstServletsAndJsp\apache-tomcat-7.0.67
Aug 09, 2016 11:04:08 PM org.apache.catalina.startup.VersionLoggerListener log
INFO: CATALINA_HOME:         c:\git\HeadFirstServletsAndJsp\apache-tomcat-7.0.67
Aug 09, 2016 11:04:08 PM org.apache.catalina.startup.VersionLoggerListener log
INFO: Command line argument: -Djava.util.logging.config.file=c:\git\HeadFirstServletsAndJsp\apache-tomcat-7.0.67\conf\logging.properties
Aug 09, 2016 11:04:08 PM org.apache.catalina.startup.VersionLoggerListener log
INFO: Command line argument: -Djava.util.logging.manager=org.apache.juli.ClassLoaderLogManager
Aug 09, 2016 11:04:08 PM org.apache.catalina.startup.VersionLoggerListener log
INFO: Command line argument: -Djava.endorsed.dirs=c:\git\HeadFirstServletsAndJsp\apache-tomcat-7.0.67\endorsed
Aug 09, 2016 11:04:08 PM org.apache.catalina.startup.VersionLoggerListener log
INFO: Command line argument: -Dcatalina.base=c:\git\HeadFirstServletsAndJsp\apache-tomcat-7.0.67
Aug 09, 2016 11:04:08 PM org.apache.catalina.startup.VersionLoggerListener log
INFO: Command line argument: -Dcatalina.home=c:\git\HeadFirstServletsAndJsp\apache-tomcat-7.0.67
Aug 09, 2016 11:04:08 PM org.apache.catalina.startup.VersionLoggerListener log
INFO: Command line argument: -Djava.io.tmpdir=c:\git\HeadFirstServletsAndJsp\apache-tomcat-7.0.67\temp
Aug 09, 2016 11:04:08 PM org.apache.catalina.core.AprLifecycleListener lifecycleEvent
INFO: Loaded APR based Apache Tomcat Native library 1.1.33 using APR version 1.5.1.
Aug 09, 2016 11:04:08 PM org.apache.catalina.core.AprLifecycleListener lifecycleEvent
INFO: APR capabilities: IPv6 [true], sendfile [true], accept filters [false], random [true].
Aug 09, 2016 11:04:09 PM org.apache.catalina.core.AprLifecycleListener initializeSSL
INFO: OpenSSL successfully initialized (OpenSSL 1.0.1m 19 Mar 2015)
Aug 09, 2016 11:04:09 PM org.apache.coyote.AbstractProtocol init
INFO: Initializing ProtocolHandler ["http-apr-8080"]
Aug 09, 2016 11:04:09 PM org.apache.coyote.AbstractProtocol init
INFO: Initializing ProtocolHandler ["ajp-apr-8009"]
Aug 09, 2016 11:04:09 PM org.apache.catalina.startup.Catalina load
INFO: Initialization processed in 1548 ms
Aug 09, 2016 11:04:09 PM org.apache.catalina.core.StandardService startInternal
INFO: Starting service Catalina
Aug 09, 2016 11:04:09 PM org.apache.catalina.core.StandardEngine startInternal
INFO: Starting Servlet Engine: Apache Tomcat/7.0.67
Aug 09, 2016 11:04:09 PM org.apache.catalina.startup.HostConfig deployDirectory
INFO: Deploying web application directory C:\git\HeadFirstServletsAndJsp\apache-tomcat-7.0.67\webapps\Beer-v1
Aug 09, 2016 11:04:09 PM org.apache.catalina.util.SessionIdGeneratorBase createSecureRandom
INFO: Creation of SecureRandom instance for session ID generation using [SHA1PRNG] took [202] milliseconds.
Aug 09, 2016 11:04:09 PM org.apache.catalina.startup.HostConfig deployDirectory
INFO: Deployment of web application directory C:\git\HeadFirstServletsAndJsp\apache-tomcat-7.0.67\webapps\Beer-v1 has finished in 603 ms
Aug 09, 2016 11:04:09 PM org.apache.catalina.startup.HostConfig deployDirectory
INFO: Deploying web application directory C:\git\HeadFirstServletsAndJsp\apache-tomcat-7.0.67\webapps\ch1
Aug 09, 2016 11:04:09 PM org.apache.catalina.startup.HostConfig deployDirectory
INFO: Deployment of web application directory C:\git\HeadFirstServletsAndJsp\apache-tomcat-7.0.67\webapps\ch1 has finished in 85 ms
Aug 09, 2016 11:04:10 PM org.apache.catalina.startup.HostConfig deployDirectory
INFO: Deploying web application directory C:\git\HeadFirstServletsAndJsp\apache-tomcat-7.0.67\webapps\host-manager
Aug 09, 2016 11:04:10 PM org.apache.catalina.startup.HostConfig deployDirectory
INFO: Deployment of web application directory C:\git\HeadFirstServletsAndJsp\apache-tomcat-7.0.67\webapps\host-manager has finished in 97 ms
Aug 09, 2016 11:04:10 PM org.apache.catalina.startup.HostConfig deployDirectory
INFO: Deploying web application directory C:\git\HeadFirstServletsAndJsp\apache-tomcat-7.0.67\webapps\manager
Aug 09, 2016 11:04:10 PM org.apache.catalina.startup.HostConfig deployDirectory
INFO: Deployment of web application directory C:\git\HeadFirstServletsAndJsp\apache-tomcat-7.0.67\webapps\manager has finished in 119 ms
Aug 09, 2016 11:04:10 PM org.apache.catalina.startup.HostConfig deployDirectory
INFO: Deploying web application directory C:\git\HeadFirstServletsAndJsp\apache-tomcat-7.0.67\webapps\ROOT
Aug 09, 2016 11:04:10 PM org.apache.catalina.startup.HostConfig deployDirectory
INFO: Deployment of web application directory C:\git\HeadFirstServletsAndJsp\apache-tomcat-7.0.67\webapps\ROOT has finished in 58 ms
Aug 09, 2016 11:04:10 PM org.apache.coyote.AbstractProtocol start
INFO: Starting ProtocolHandler ["http-apr-8080"]
Aug 09, 2016 11:04:10 PM org.apache.coyote.AbstractProtocol start
INFO: Starting ProtocolHandler ["ajp-apr-8009"]
Aug 09, 2016 11:04:10 PM org.apache.catalina.startup.Catalina start
INFO: Server startup in 1026 ms
Aug 09, 2016 11:04:27 PM org.apache.coyote.AbstractProtocol pause
INFO: Pausing ProtocolHandler ["http-apr-8080"]
Aug 09, 2016 11:04:27 PM org.apache.coyote.AbstractProtocol pause
INFO: Pausing ProtocolHandler ["ajp-apr-8009"]
Aug 09, 2016 11:04:27 PM org.apache.catalina.core.StandardService stopInternal
INFO: Stopping service Catalina
Aug 09, 2016 11:04:27 PM org.apache.coyote.AbstractProtocol stop
INFO: Stopping ProtocolHandler ["http-apr-8080"]
Aug 09, 2016 11:04:27 PM org.apache.coyote.AbstractProtocol stop
INFO: Stopping ProtocolHandler ["ajp-apr-8009"]
Aug 09, 2016 11:04:27 PM org.apache.coyote.AbstractProtocol destroy
INFO: Destroying ProtocolHandler ["http-apr-8080"]
Aug 09, 2016 11:04:27 PM org.apache.coyote.AbstractProtocol destroy
INFO: Destroying ProtocolHandler ["ajp-apr-8009"]
Aug 09, 2016 11:05:52 PM org.apache.catalina.startup.Catalina initDirs
SEVERE: Cannot find specified temporary folder at c:\git\HeadFirstServletsAndJsp\apache-tomcat-7.0.67\temp
Aug 09, 2016 11:05:52 PM org.apache.catalina.startup.VersionLoggerListener log
INFO: Server version:        Apache Tomcat/7.0.67
Aug 09, 2016 11:05:52 PM org.apache.catalina.startup.VersionLoggerListener log
INFO: Server built:          Dec 7 2015 13:07:11 UTC
Aug 09, 2016 11:05:52 PM org.apache.catalina.startup.VersionLoggerListener log
INFO: Server number:         7.0.67.0
Aug 09, 2016 11:05:52 PM org.apache.catalina.startup.VersionLoggerListener log
INFO: OS Name:               Windows 7
Aug 09, 2016 11:05:52 PM org.apache.catalina.startup.VersionLoggerListener log
INFO: OS Version:            6.1
Aug 09, 2016 11:05:52 PM org.apache.catalina.startup.VersionLoggerListener log
INFO: Architecture:          amd64
Aug 09, 2016 11:05:52 PM org.apache.catalina.startup.VersionLoggerListener log
INFO: Java Home:             C:\Program Files\Java\jdk1.8.0_91\jre
Aug 09, 2016 11:05:52 PM org.apache.catalina.startup.VersionLoggerListener log
INFO: JVM Version:           1.8.0_91-b14
Aug 09, 2016 11:05:52 PM org.apache.catalina.startup.VersionLoggerListener log
INFO: JVM Vendor:            Oracle Corporation
Aug 09, 2016 11:05:52 PM org.apache.catalina.startup.VersionLoggerListener log
INFO: CATALINA_BASE:         c:\git\HeadFirstServletsAndJsp\apache-tomcat-7.0.67
Aug 09, 2016 11:05:52 PM org.apache.catalina.startup.VersionLoggerListener log
INFO: CATALINA_HOME:         c:\git\HeadFirstServletsAndJsp\apache-tomcat-7.0.67
Aug 09, 2016 11:05:52 PM org.apache.catalina.startup.VersionLoggerListener log
INFO: Command line argument: -Djava.util.logging.config.file=c:\git\HeadFirstServletsAndJsp\apache-tomcat-7.0.67\conf\logging.properties
Aug 09, 2016 11:05:52 PM org.apache.catalina.startup.VersionLoggerListener log
INFO: Command line argument: -Djava.util.logging.manager=org.apache.juli.ClassLoaderLogManager
Aug 09, 2016 11:05:52 PM org.apache.catalina.startup.VersionLoggerListener log
INFO: Command line argument: -Djava.endorsed.dirs=c:\git\HeadFirstServletsAndJsp\apache-tomcat-7.0.67\endorsed
Aug 09, 2016 11:05:52 PM org.apache.catalina.startup.VersionLoggerListener log
INFO: Command line argument: -Dcatalina.base=c:\git\HeadFirstServletsAndJsp\apache-tomcat-7.0.67
Aug 09, 2016 11:05:52 PM org.apache.catalina.startup.VersionLoggerListener log
INFO: Command line argument: -Dcatalina.home=c:\git\HeadFirstServletsAndJsp\apache-tomcat-7.0.67
Aug 09, 2016 11:05:52 PM org.apache.catalina.startup.VersionLoggerListener log
INFO: Command line argument: -Djava.io.tmpdir=c:\git\HeadFirstServletsAndJsp\apache-tomcat-7.0.67\temp
Aug 09, 2016 11:05:52 PM org.apache.catalina.core.AprLifecycleListener lifecycleEvent
INFO: Loaded APR based Apache Tomcat Native library 1.1.33 using APR version 1.5.1.
Aug 09, 2016 11:05:52 PM org.apache.catalina.core.AprLifecycleListener lifecycleEvent
INFO: APR capabilities: IPv6 [true], sendfile [true], accept filters [false], random [true].
Aug 09, 2016 11:05:53 PM org.apache.catalina.core.AprLifecycleListener initializeSSL
INFO: OpenSSL successfully initialized (OpenSSL 1.0.1m 19 Mar 2015)
Aug 09, 2016 11:05:53 PM org.apache.coyote.AbstractProtocol init
INFO: Initializing ProtocolHandler ["http-apr-8080"]
Aug 09, 2016 11:05:53 PM org.apache.coyote.AbstractProtocol init
INFO: Initializing ProtocolHandler ["ajp-apr-8009"]
Aug 09, 2016 11:05:53 PM org.apache.catalina.startup.Catalina load
INFO: Initialization processed in 1591 ms
Aug 09, 2016 11:05:53 PM org.apache.catalina.core.StandardService startInternal
INFO: Starting service Catalina
Aug 09, 2016 11:05:53 PM org.apache.catalina.core.StandardEngine startInternal
INFO: Starting Servlet Engine: Apache Tomcat/7.0.67
Aug 09, 2016 11:05:53 PM org.apache.catalina.startup.HostConfig deployDirectory
INFO: Deploying web application directory C:\git\HeadFirstServletsAndJsp\apache-tomcat-7.0.67\webapps\Beer-v1
Aug 09, 2016 11:05:54 PM org.apache.catalina.util.SessionIdGeneratorBase createSecureRandom
INFO: Creation of SecureRandom instance for session ID generation using [SHA1PRNG] took [181] milliseconds.
Aug 09, 2016 11:05:54 PM org.apache.catalina.startup.HostConfig deployDirectory
INFO: Deployment of web application directory C:\git\HeadFirstServletsAndJsp\apache-tomcat-7.0.67\webapps\Beer-v1 has finished in 606 ms
Aug 09, 2016 11:05:54 PM org.apache.catalina.startup.HostConfig deployDirectory
INFO: Deploying web application directory C:\git\HeadFirstServletsAndJsp\apache-tomcat-7.0.67\webapps\ch1
Aug 09, 2016 11:05:54 PM org.apache.catalina.startup.HostConfig deployDirectory
INFO: Deployment of web application directory C:\git\HeadFirstServletsAndJsp\apache-tomcat-7.0.67\webapps\ch1 has finished in 90 ms
Aug 09, 2016 11:05:54 PM org.apache.catalina.startup.HostConfig deployDirectory
INFO: Deploying web application directory C:\git\HeadFirstServletsAndJsp\apache-tomcat-7.0.67\webapps\host-manager
Aug 09, 2016 11:05:54 PM org.apache.catalina.startup.HostConfig deployDirectory
INFO: Deployment of web application directory C:\git\HeadFirstServletsAndJsp\apache-tomcat-7.0.67\webapps\host-manager has finished in 80 ms
Aug 09, 2016 11:05:54 PM org.apache.catalina.startup.HostConfig deployDirectory
INFO: Deploying web application directory C:\git\HeadFirstServletsAndJsp\apache-tomcat-7.0.67\webapps\manager
Aug 09, 2016 11:05:54 PM org.apache.catalina.startup.HostConfig deployDirectory
INFO: Deployment of web application directory C:\git\HeadFirstServletsAndJsp\apache-tomcat-7.0.67\webapps\manager has finished in 111 ms
Aug 09, 2016 11:05:54 PM org.apache.catalina.startup.HostConfig deployDirectory
INFO: Deploying web application directory C:\git\HeadFirstServletsAndJsp\apache-tomcat-7.0.67\webapps\ROOT
Aug 09, 2016 11:05:54 PM org.apache.catalina.startup.HostConfig deployDirectory
INFO: Deployment of web application directory C:\git\HeadFirstServletsAndJsp\apache-tomcat-7.0.67\webapps\ROOT has finished in 56 ms
Aug 09, 2016 11:05:54 PM org.apache.coyote.AbstractProtocol start
INFO: Starting ProtocolHandler ["http-apr-8080"]
Aug 09, 2016 11:05:54 PM org.apache.coyote.AbstractProtocol start
INFO: Starting ProtocolHandler ["ajp-apr-8009"]
Aug 09, 2016 11:05:54 PM org.apache.catalina.startup.Catalina start
INFO: Server startup in 1003 ms
Aug 09, 2016 11:06:10 PM org.apache.coyote.AbstractProtocol pause
INFO: Pausing ProtocolHandler ["http-apr-8080"]
Aug 09, 2016 11:06:10 PM org.apache.coyote.AbstractProtocol pause
INFO: Pausing ProtocolHandler ["ajp-apr-8009"]
Aug 09, 2016 11:06:10 PM org.apache.catalina.core.StandardService stopInternal
INFO: Stopping service Catalina
Aug 09, 2016 11:06:10 PM org.apache.coyote.AbstractProtocol stop
INFO: Stopping ProtocolHandler ["http-apr-8080"]
Aug 09, 2016 11:06:10 PM org.apache.coyote.AbstractProtocol stop
INFO: Stopping ProtocolHandler ["ajp-apr-8009"]
Aug 09, 2016 11:06:11 PM org.apache.coyote.AbstractProtocol destroy
INFO: Destroying ProtocolHandler ["http-apr-8080"]
Aug 09, 2016 11:06:11 PM org.apache.coyote.AbstractProtocol destroy
INFO: Destroying ProtocolHandler ["ajp-apr-8009"]
